Log file open, 02/02/22 21:34:20
LogWindows: Failed to load 'aqProf.dll' (GetLastError=126)
LogWindows: File 'aqProf.dll' does not exist
LogWindows: Failed to load 'VtuneApi.dll' (GetLastError=126)
LogWindows: File 'VtuneApi.dll' does not exist
LogWindows: Failed to load 'VtuneApi32e.dll' (GetLastError=126)
LogWindows: File 'VtuneApi32e.dll' does not exist
LogConsoleResponse: Display: Failed to find resolution value strings in scalability ini. Falling back to default.
LogConsoleResponse: Display: Failed to find resolution value strings in scalability ini. Falling back to default.
LogInit: Display: Running engine for game: MediaEngineering
LogPlatformFile: Not using cached read wrapper
LogTaskGraph: Started task graph with 5 named threads and 23 total threads with 3 sets of task threads.
LogStats: Stats thread started at 0.795838
LogICUInternationalization: ICU TimeZone Detection - Raw Offset: +1:00, Platform Override: ''
LogInit: Display: Loading text-based GConfig....
LogPluginManager: Mounting plugin MeshPainting
LogPluginManager: Mounting plugin XGEController
LogPluginManager: Mounting plugin Paper2D
LogPluginManager: Mounting plugin AISupport
LogPluginManager: Mounting plugin EnvironmentQueryEditor
LogPluginManager: Mounting plugin LiveLink
LogPluginManager: Mounting plugin LightPropagationVolume
LogPluginManager: Mounting plugin GameplayCameras
LogPluginManager: Mounting plugin CameraShakePreviewer
LogPluginManager: Mounting plugin OodleData
LogPluginManager: Mounting plugin CLionSourceCodeAccess
LogPluginManager: Mounting plugin CodeLiteSourceCodeAccess
LogPluginManager: Mounting plugin AnimationSharing
LogPluginManager: Mounting plugin GitSourceControl
LogPluginManager: Mounting plugin KDevelopSourceCodeAccess
LogPluginManager: Mounting plugin NullSourceCodeAccess
LogPluginManager: Mounting plugin Niagara
LogPluginManager: Mounting plugin OodleNetwork
LogPluginManager: Mounting plugin PixWinPlugin
LogPluginManager: Mounting plugin PerforceSourceControl
LogPluginManager: Mounting plugin PlasticSourceControl
LogPluginManager: Mounting plugin PluginUtils
LogPluginManager: Mounting plugin AssetManagerEditor
LogPluginManager: Mounting plugin PropertyAccessNode
LogPluginManager: Mounting plugin RiderSourceCodeAccess
LogPluginManager: Mounting plugin SubversionSourceControl
LogPluginManager: Mounting plugin TextureFormatOodle
LogPluginManager: Mounting plugin UObjectPlugin
LogPluginManager: Mounting plugin VisualStudioCodeSourceCodeAccess
LogPluginManager: Mounting plugin XCodeSourceCodeAccess
LogPluginManager: Mounting plugin VisualStudioSourceCodeAccess
LogPluginManager: Mounting plugin CryptoKeys
LogPluginManager: Mounting plugin DataValidation
LogPluginManager: Mounting plugin CurveEditorTools
LogPluginManager: Mounting plugin FacialAnimation
LogPluginManager: Mounting plugin GameplayTagsEditor
LogPluginManager: Mounting plugin GeometryMode
LogPluginManager: Mounting plugin MacGraphicsSwitching
LogPluginManager: Mounting plugin MaterialAnalyzer
LogPluginManager: Mounting plugin MobileLauncherProfileWizard
LogPluginManager: Mounting plugin PluginBrowser
LogPluginManager: Mounting plugin SpeedTreeImporter
LogPluginManager: Mounting plugin DatasmithContent
LogPluginManager: Mounting plugin VariantManagerContent
LogPluginManager: Mounting plugin AlembicImporter
LogPluginManager: Mounting plugin AutomationUtils
LogPluginManager: Mounting plugin BackChannel
LogPluginManager: Mounting plugin ChaosCloth
LogPluginManager: Mounting plugin ChaosEditor
LogPluginManager: Mounting plugin ChaosClothEditor
LogPluginManager: Mounting plugin ChaosNiagara
LogPluginManager: Mounting plugin ChaosSolverPlugin
LogPluginManager: Mounting plugin CharacterAI
LogPluginManager: Mounting plugin GeometryCache
LogPluginManager: Mounting plugin GeometryCollectionPlugin
LogPluginManager: Mounting plugin GeometryProcessing
LogPluginManager: Mounting plugin OpenImageDenoise
LogPluginManager: Mounting plugin MotoSynth
LogPluginManager: Mounting plugin PlanarCut
LogPluginManager: Mounting plugin LuminPlatformFeatures
LogPluginManager: Mounting plugin PlatformCrypto
LogPluginManager: Mounting plugin MagicLeap
LogPluginManager: Mounting plugin ProxyLODPlugin
LogPluginManager: Mounting plugin PythonScriptPlugin
LogPluginManager: Mounting plugin MagicLeapLightEstimation
LogPluginManager: Mounting plugin MagicLeapMedia
LogPluginManager: Mounting plugin SkeletalReduction
LogPluginManager: Mounting plugin MagicLeapPassableWorld
LogPluginManager: Mounting plugin MLSDK
LogPluginManager: Mounting plugin AndroidMedia
LogPluginManager: Mounting plugin AvfMedia
LogPluginManager: Mounting plugin ImgMedia
LogPluginManager: Mounting plugin MediaCompositing
LogPluginManager: Mounting plugin WebMMedia
LogPluginManager: Mounting plugin MediaPlayerEditor
LogPluginManager: Mounting plugin WmfMedia
LogPluginManager: Mounting plugin TcpMessaging
LogPluginManager: Mounting plugin UdpMessaging
LogPluginManager: Mounting plugin ActorSequence
LogPluginManager: Mounting plugin LevelSequenceEditor
LogPluginManager: Mounting plugin MatineeToLevelSequence
LogPluginManager: Mounting plugin TemplateSequence
LogPluginManager: Mounting plugin OnlineSubsystem
LogPluginManager: Mounting plugin OnlineSubsystemNull
LogPluginManager: Mounting plugin LauncherChunkInstaller
LogPluginManager: Mounting plugin OnlineSubsystemUtils
LogPluginManager: Mounting plugin ActorLayerUtilities
LogPluginManager: Mounting plugin AndroidDeviceProfileSelector
LogPluginManager: Mounting plugin AndroidMoviePlayer
LogPluginManager: Mounting plugin AndroidPermission
LogPluginManager: Mounting plugin AppleImageUtils
LogPluginManager: Mounting plugin AppleMoviePlayer
LogPluginManager: Mounting plugin ArchVisCharacter
LogPluginManager: Mounting plugin AssetTags
LogPluginManager: Mounting plugin AudioSynesthesia
LogPluginManager: Mounting plugin AudioCapture
LogPluginManager: Mounting plugin CableComponent
LogPluginManager: Mounting plugin ChunkDownloader
LogPluginManager: Mounting plugin CustomMeshComponent
LogPluginManager: Mounting plugin EditableMesh
LogPluginManager: Mounting plugin ExampleDeviceProfileSelector
LogPluginManager: Mounting plugin GooglePAD
LogPluginManager: Mounting plugin GoogleCloudMessaging
LogPluginManager: Mounting plugin ScreenshotTools
LogPluginManager: Mounting plugin IOSDeviceProfileSelector
LogPluginManager: Mounting plugin LinuxDeviceProfileSelector
LogPluginManager: Mounting plugin LocationServicesBPLibrary
LogPluginManager: Mounting plugin MobilePatchingUtils
LogPluginManager: Mounting plugin OpenXR
LogPluginManager: Mounting plugin OpenXRHandTracking
LogPluginManager: Mounting plugin OpenXREyeTracker
LogPluginManager: Mounting plugin PhysXVehicles
LogPluginManager: Mounting plugin Takes
LogPluginManager: Mounting plugin PropertyAccessEditor
LogPluginManager: Mounting plugin ProceduralMeshComponent
LogPluginManager: Mounting plugin PostSplashScreen
LogPluginManager: Mounting plugin RuntimePhysXCooking
LogPluginManager: Mounting plugin SoundFields
LogPluginManager: Mounting plugin SignificanceManager
LogPluginManager: Mounting plugin Synthesis
LogPluginManager: Mounting plugin WebMMoviePlayer
LogPluginManager: Mounting plugin WindowsMoviePlayer
LogPluginManager: Mounting plugin ContentBrowserAssetDataSource
LogPluginManager: Mounting plugin ContentBrowserClassDataSource
LogPluginManager: Mounting plugin ContentBrowserFileDataSource
LogPluginManager: Mounting plugin OnlineSubsystemIOS
LogPluginManager: Mounting plugin OnlineSubsystemGooglePlay
LogPluginManager: Mounting plugin OculusVR
LogPluginManager: Mounting plugin SteamVR
PixWinPlugin: PIX capture plugin failed to initialize! Check that the process is launched from PIX.
LogInit: Using libcurl 7.55.1-DEV
LogInit:  - built for x86_64-pc-win32
LogInit:  - supports SSL with OpenSSL/1.1.1
LogInit:  - supports HTTP deflate (compression) using libz 1.2.8
LogInit:  - other features:
LogInit:      CURL_VERSION_SSL
LogInit:      CURL_VERSION_LIBZ
LogInit:      CURL_VERSION_IPV6
LogInit:      CURL_VERSION_ASYNCHDNS
LogInit:      CURL_VERSION_LARGEFILE
LogInit:      CURL_VERSION_IDN
LogInit:  CurlRequestOptions (configurable via config and command line):
LogInit:  - bVerifyPeer = true  - Libcurl will verify peer certificate
LogInit:  - bUseHttpProxy = false  - Libcurl will NOT use HTTP proxy
LogInit:  - bDontReuseConnections = false  - Libcurl will reuse connections
LogInit:  - MaxHostConnections = 16  - Libcurl will limit the number of connections to a host
LogInit:  - LocalHostAddr = Default
LogInit:  - BufferSize = 65536
LogOnline: OSS: Creating online subsystem instance for: NULL
LogInit: WinSock: version 1.1 (2.2), MaxSocks=32767, MaxUdp=65467
LogOnline: OSS: TryLoadSubsystemAndSetDefault: Loaded subsystem for module [NULL]
LogOculusPluginWrapper: OculusPlugin initialized successfully
LogHMD: Failed initializing OVRPlugin 1.59.0
LogInit: Build: ++UE4+Release-4.27-CL-18319896
LogInit: Engine Version: 4.27.2-18319896+++UE4+Release-4.27
LogInit: Compatible Engine Version: 4.27.0-17155196+++UE4+Release-4.27
LogInit: Net CL: 17155196
LogInit: OS: Windows 10 (Release 2009) (), CPU: Intel(R) Core(TM) i7-7700HQ CPU @ 2.80GHz, GPU: Intel(R) HD Graphics 630
LogInit: Compiled (64-bit): Nov 30 2021 07:12:08
LogInit: Compiled with Visual C++: 19.24.28315.00
LogInit: Build Configuration: Development
LogInit: Branch Name: ++UE4+Release-4.27
LogInit: Command Line: 
LogInit: Base Directory: C:/Program Files/Epic Games/UE_4.27/Engine/Binaries/Win64/
LogInit: Allocator: TBB
LogInit: Installed Engine Build: 1
LogDevObjectVersion: Number of dev versions registered: 29
LogDevObjectVersion:   Dev-Blueprints (B0D832E4-1F89-4F0D-ACCF-7EB736FD4AA2): 10
LogDevObjectVersion:   Dev-Build (E1C64328-A22C-4D53-A36C-8E866417BD8C): 0
LogDevObjectVersion:   Dev-Core (375EC13C-06E4-48FB-B500-84F0262A717E): 4
LogDevObjectVersion:   Dev-Editor (E4B068ED-F494-42E9-A231-DA0B2E46BB41): 40
LogDevObjectVersion:   Dev-Framework (CFFC743F-43B0-4480-9391-14DF171D2073): 37
LogDevObjectVersion:   Dev-Mobile (B02B49B5-BB20-44E9-A304-32B752E40360): 3
LogDevObjectVersion:   Dev-Networking (A4E4105C-59A1-49B5-A7C5-40C4547EDFEE): 0
LogDevObjectVersion:   Dev-Online (39C831C9-5AE6-47DC-9A44-9C173E1C8E7C): 0
LogDevObjectVersion:   Dev-Physics (78F01B33-EBEA-4F98-B9B4-84EACCB95AA2): 14
LogDevObjectVersion:   Dev-Platform (6631380F-2D4D-43E0-8009-CF276956A95A): 0
LogDevObjectVersion:   Dev-Rendering (12F88B9F-8875-4AFC-A67C-D90C383ABD29): 45
LogDevObjectVersion:   Dev-Sequencer (7B5AE74C-D270-4C10-A958-57980B212A5A): 13
LogDevObjectVersion:   Dev-VR (D7296918-1DD6-4BDD-9DE2-64A83CC13884): 3
LogDevObjectVersion:   Dev-LoadTimes (C2A15278-BFE7-4AFE-6C17-90FF531DF755): 1
LogDevObjectVersion:   Private-Geometry (6EACA3D4-40EC-4CC1-B786-8BED09428FC5): 3
LogDevObjectVersion:   Dev-AnimPhys (29E575DD-E0A3-4627-9D10-D276232CDCEA): 17
LogDevObjectVersion:   Dev-Anim (AF43A65D-7FD3-4947-9873-3E8ED9C1BB05): 15
LogDevObjectVersion:   Dev-ReflectionCapture (6B266CEC-1EC7-4B8F-A30B-E4D90942FC07): 1
LogDevObjectVersion:   Dev-Automation (0DF73D61-A23F-47EA-B727-89E90C41499A): 1
LogDevObjectVersion:   FortniteMain (601D1886-AC64-4F84-AA16-D3DE0DEAC7D6): 47
LogDevObjectVersion:   FortniteRelease (E7086368-6B23-4C58-8439-1B7016265E91): 1
LogDevObjectVersion:   Dev-Enterprise (9DFFBCD6-494F-0158-E221-12823C92A888): 10
LogDevObjectVersion:   Dev-Niagara (F2AED0AC-9AFE-416F-8664-AA7FFA26D6FC): 1
LogDevObjectVersion:   Dev-Destruction (174F1F0B-B4C6-45A5-B13F-2EE8D0FB917D): 10
LogDevObjectVersion:   Dev-Physics-Ext (35F94A83-E258-406C-A318-09F59610247C): 41
LogDevObjectVersion:   Dev-PhysicsMaterial-Chaos (B68FC16E-8B1B-42E2-B453-215C058844FE): 1
LogDevObjectVersion:   Dev-CineCamera (B2E18506-4273-CFC2-A54E-F4BB758BBA07): 1
LogDevObjectVersion:   Dev-VirtualProduction (64F58936-FD1B-42BA-BA96-7289D5D0FA4E): 1
LogDevObjectVersion:   Dev-MediaFramework (6F0ED827-A609-4895-9C91-998D90180EA4): 2
LogInit: Presizing for max 25165824 objects, including 0 objects not considered by GC, pre-allocating 0 bytes for permanent pool.
LogConfig: Applying CVar settings from Section [/Script/Engine.StreamingSettings] File [D:/git/MediaEngineering/Saved/Config/Windows/Engine.ini]
LogConfig: Setting CVar [[s.MinBulkDataSizeForAsyncLoading:131072]]
LogConfig: Setting CVar [[s.AsyncLoadingThreadEnabled:0]]
LogConfig: Setting CVar [[s.EventDrivenLoaderEnabled:1]]
LogConfig: Setting CVar [[s.WarnIfTimeLimitExceeded:0]]
LogConfig: Setting CVar [[s.TimeLimitExceededMultiplier:1.5]]
LogConfig: Setting CVar [[s.TimeLimitExceededMinTime:0.005]]
LogConfig: Setting CVar [[s.UseBackgroundLevelStreaming:1]]
LogConfig: Setting CVar [[s.PriorityAsyncLoadingExtraTime:15.0]]
LogConfig: Setting CVar [[s.LevelStreamingActorsUpdateTimeLimit:5.0]]
LogConfig: Setting CVar [[s.PriorityLevelStreamingActorsUpdateExtraTime:5.0]]
LogConfig: Setting CVar [[s.LevelStreamingComponentsRegistrationGranularity:10]]
LogConfig: Setting CVar [[s.UnregisterComponentsTimeLimit:1.0]]
LogConfig: Setting CVar [[s.LevelStreamingComponentsUnregistrationGranularity:5]]
LogConfig: Setting CVar [[s.FlushStreamingOnExit:1]]
LogInit: Object subsystem initialized
LogConfig: Setting CVar [[con.DebugEarlyDefault:1]]
LogConfig: Setting CVar [[r.setres:1280x720]]
[2022.02.02-20.34.21:245][  0]LogConfig: Setting CVar [[r.VSync:0]]
[2022.02.02-20.34.21:245][  0]LogConfig: Setting CVar [[r.RHICmdBypass:0]]
[2022.02.02-20.34.21:245][  0]LogConfig: Applying CVar settings from Section [/Script/Engine.RendererSettings] File [D:/git/MediaEngineering/Saved/Config/Windows/Engine.ini]
[2022.02.02-20.34.21:245][  0]LogConfig: Setting CVar [[r.GPUCrashDebugging:0]]
[2022.02.02-20.34.21:245][  0]LogConfig: Applying CVar settings from Section [/Script/Engine.RendererOverrideSettings] File [D:/git/MediaEngineering/Saved/Config/Windows/Engine.ini]
[2022.02.02-20.34.21:245][  0]LogConfig: Applying CVar settings from Section [/Script/Engine.StreamingSettings] File [D:/git/MediaEngineering/Saved/Config/Windows/Engine.ini]
[2022.02.02-20.34.21:245][  0]LogConfig: Setting CVar [[s.MinBulkDataSizeForAsyncLoading:131072]]
[2022.02.02-20.34.21:245][  0]LogConfig: Setting CVar [[s.AsyncLoadingThreadEnabled:0]]
[2022.02.02-20.34.21:245][  0]LogConfig: Setting CVar [[s.EventDrivenLoaderEnabled:1]]
[2022.02.02-20.34.21:245][  0]LogConfig: Setting CVar [[s.WarnIfTimeLimitExceeded:0]]
[2022.02.02-20.34.21:245][  0]LogConfig: Setting CVar [[s.TimeLimitExceededMultiplier:1.5]]
[2022.02.02-20.34.21:245][  0]LogConfig: Setting CVar [[s.TimeLimitExceededMinTime:0.005]]
[2022.02.02-20.34.21:245][  0]LogConfig: Setting CVar [[s.UseBackgroundLevelStreaming:1]]
[2022.02.02-20.34.21:245][  0]LogConfig: Setting CVar [[s.PriorityAsyncLoadingExtraTime:15.0]]
[2022.02.02-20.34.21:245][  0]LogConfig: Setting CVar [[s.LevelStreamingActorsUpdateTimeLimit:5.0]]
[2022.02.02-20.34.21:245][  0]LogConfig: Setting CVar [[s.PriorityLevelStreamingActorsUpdateExtraTime:5.0]]
[2022.02.02-20.34.21:245][  0]LogConfig: Setting CVar [[s.LevelStreamingComponentsRegistrationGranularity:10]]
[2022.02.02-20.34.21:245][  0]LogConfig: Setting CVar [[s.UnregisterComponentsTimeLimit:1.0]]
[2022.02.02-20.34.21:245][  0]LogConfig: Setting CVar [[s.LevelStreamingComponentsUnregistrationGranularity:5]]
[2022.02.02-20.34.21:245][  0]LogConfig: Setting CVar [[s.FlushStreamingOnExit:1]]
[2022.02.02-20.34.21:245][  0]LogConfig: Applying CVar settings from Section [/Script/Engine.GarbageCollectionSettings] File [D:/git/MediaEngineering/Saved/Config/Windows/Engine.ini]
[2022.02.02-20.34.21:245][  0]LogConfig: Setting CVar [[gc.MaxObjectsNotConsideredByGC:1]]
[2022.02.02-20.34.21:245][  0]LogConfig: Setting CVar [[gc.SizeOfPermanentObjectPool:0]]
[2022.02.02-20.34.21:245][  0]LogConfig: Setting CVar [[gc.FlushStreamingOnGC:0]]
[2022.02.02-20.34.21:245][  0]LogConfig: Setting CVar [[gc.NumRetriesBeforeForcingGC:10]]
[2022.02.02-20.34.21:245][  0]LogConfig: Setting CVar [[gc.AllowParallelGC:1]]
[2022.02.02-20.34.21:245][  0]LogConfig: Setting CVar [[gc.TimeBetweenPurgingPendingKillObjects:61.1]]
[2022.02.02-20.34.21:245][  0]LogConfig: Setting CVar [[gc.MaxObjectsInEditor:25165824]]
[2022.02.02-20.34.21:245][  0]LogConfig: Setting CVar [[gc.IncrementalBeginDestroyEnabled:1]]
[2022.02.02-20.34.21:245][  0]LogConfig: Setting CVar [[gc.CreateGCClusters:1]]
[2022.02.02-20.34.21:245][  0]LogConfig: Setting CVar [[gc.MinGCClusterSize:5]]
[2022.02.02-20.34.21:245][  0]LogConfig: Setting CVar [[gc.ActorClusteringEnabled:0]]
[2022.02.02-20.34.21:246][  0]LogConfig: Setting CVar [[gc.BlueprintClusteringEnabled:0]]
[2022.02.02-20.34.21:246][  0]LogConfig: Setting CVar [[gc.UseDisregardForGCOnDedicatedServers:0]]
[2022.02.02-20.34.21:246][  0]LogConfig: Setting CVar [[gc.MultithreadedDestructionEnabled:1]]
[2022.02.02-20.34.21:246][  0]LogConfig: Applying CVar settings from Section [/Script/Engine.NetworkSettings] File [D:/git/MediaEngineering/Saved/Config/Windows/Engine.ini]
[2022.02.02-20.34.21:246][  0]LogConfig: Applying CVar settings from Section [/Script/UnrealEd.CookerSettings] File [D:/git/MediaEngineering/Saved/Config/Windows/Engine.ini]
[2022.02.02-20.34.21:267][  0]LogConfig: Applying CVar settings from Section [ViewDistanceQuality@3] File [D:/git/MediaEngineering/Saved/Config/Windows/Scalability.ini]
[2022.02.02-20.34.21:267][  0]LogConfig: Setting CVar [[r.SkeletalMeshLODBias:0]]
[2022.02.02-20.34.21:267][  0]LogConfig: Setting CVar [[r.ViewDistanceScale:1.0]]
[2022.02.02-20.34.21:267][  0]LogConfig: Applying CVar settings from Section [AntiAliasingQuality@3] File [D:/git/MediaEngineering/Saved/Config/Windows/Scalability.ini]
[2022.02.02-20.34.21:267][  0]LogConfig: Setting CVar [[r.PostProcessAAQuality:4]]
[2022.02.02-20.34.21:267][  0]LogConfig: Applying CVar settings from Section [ShadowQuality@3] File [D:/git/MediaEngineering/Saved/Config/Windows/Scalability.ini]
[2022.02.02-20.34.21:267][  0]LogConfig: Setting CVar [[r.LightFunctionQuality:1]]
[2022.02.02-20.34.21:267][  0]LogConfig: Setting CVar [[r.ShadowQuality:5]]
[2022.02.02-20.34.21:267][  0]LogConfig: Setting CVar [[r.Shadow.CSM.MaxCascades:10]]
[2022.02.02-20.34.21:267][  0]LogConfig: Setting CVar [[r.Shadow.MaxResolution:2048]]
[2022.02.02-20.34.21:267][  0]LogConfig: Setting CVar [[r.Shadow.MaxCSMResolution:2048]]
[2022.02.02-20.34.21:267][  0]LogConfig: Setting CVar [[r.Shadow.RadiusThreshold:0.01]]
[2022.02.02-20.34.21:267][  0]LogConfig: Setting CVar [[r.Shadow.DistanceScale:1.0]]
[2022.02.02-20.34.21:267][  0]LogConfig: Setting CVar [[r.Shadow.CSM.TransitionScale:1.0]]
[2022.02.02-20.34.21:268][  0]LogConfig: Setting CVar [[r.Shadow.PreShadowResolutionFactor:1.0]]
[2022.02.02-20.34.21:268][  0]LogConfig: Setting CVar [[r.DistanceFieldShadowing:1]]
[2022.02.02-20.34.21:268][  0]LogConfig: Setting CVar [[r.DistanceFieldAO:1]]
[2022.02.02-20.34.21:268][  0]LogConfig: Setting CVar [[r.AOQuality:2]]
[2022.02.02-20.34.21:268][  0]LogConfig: Setting CVar [[r.VolumetricFog:1]]
[2022.02.02-20.34.21:268][  0]LogConfig: Setting CVar [[r.VolumetricFog.GridPixelSize:8]]
[2022.02.02-20.34.21:268][  0]LogConfig: Setting CVar [[r.VolumetricFog.GridSizeZ:128]]
[2022.02.02-20.34.21:268][  0]LogConfig: Setting CVar [[r.VolumetricFog.HistoryMissSupersampleCount:4]]
[2022.02.02-20.34.21:268][  0]LogConfig: Setting CVar [[r.LightMaxDrawDistanceScale:1]]
[2022.02.02-20.34.21:268][  0]LogConfig: Setting CVar [[r.CapsuleShadows:1]]
[2022.02.02-20.34.21:268][  0]LogConfig: Applying CVar settings from Section [PostProcessQuality@3] File [D:/git/MediaEngineering/Saved/Config/Windows/Scalability.ini]
[2022.02.02-20.34.21:268][  0]LogConfig: Setting CVar [[r.MotionBlurQuality:4]]
[2022.02.02-20.34.21:268][  0]LogConfig: Setting CVar [[r.AmbientOcclusionMipLevelFactor:0.4]]
[2022.02.02-20.34.21:268][  0]LogConfig: Setting CVar [[r.AmbientOcclusionMaxQuality:100]]
[2022.02.02-20.34.21:268][  0]LogConfig: Setting CVar [[r.AmbientOcclusionLevels:-1]]
[2022.02.02-20.34.21:268][  0]LogConfig: Setting CVar [[r.AmbientOcclusionRadiusScale:1.0]]
[2022.02.02-20.34.21:268][  0]LogConfig: Setting CVar [[r.DepthOfFieldQuality:2]]
[2022.02.02-20.34.21:268][  0]LogConfig: Setting CVar [[r.RenderTargetPoolMin:400]]
[2022.02.02-20.34.21:268][  0]LogConfig: Setting CVar [[r.LensFlareQuality:2]]
[2022.02.02-20.34.21:268][  0]LogConfig: Setting CVar [[r.SceneColorFringeQuality:1]]
[2022.02.02-20.34.21:268][  0]LogConfig: Setting CVar [[r.EyeAdaptationQuality:2]]
[2022.02.02-20.34.21:268][  0]LogConfig: Setting CVar [[r.BloomQuality:5]]
[2022.02.02-20.34.21:268][  0]LogConfig: Setting CVar [[r.FastBlurThreshold:100]]
[2022.02.02-20.34.21:268][  0]LogConfig: Setting CVar [[r.Upscale.Quality:3]]
[2022.02.02-20.34.21:268][  0]LogConfig: Setting CVar [[r.Tonemapper.GrainQuantization:1]]
[2022.02.02-20.34.21:268][  0]LogConfig: Setting CVar [[r.LightShaftQuality:1]]
[2022.02.02-20.34.21:268][  0]LogConfig: Setting CVar [[r.Filter.SizeScale:1]]
[2022.02.02-20.34.21:268][  0]LogConfig: Setting CVar [[r.Tonemapper.Quality:5]]
[2022.02.02-20.34.21:268][  0]LogConfig: Setting CVar [[r.DOF.Gather.AccumulatorQuality:1        ; higher gathering accumulator quality]]
[2022.02.02-20.34.21:268][  0]LogConfig: Setting CVar [[r.DOF.Gather.PostfilterMethod:1          ; Median3x3 postfilering method]]
[2022.02.02-20.34.21:268][  0]LogConfig: Setting CVar [[r.DOF.Gather.EnableBokehSettings:0       ; no bokeh simulation when gathering]]
[2022.02.02-20.34.21:268][  0]LogConfig: Setting CVar [[r.DOF.Gather.RingCount:4                 ; medium number of samples when gathering]]
[2022.02.02-20.34.21:268][  0]LogConfig: Setting CVar [[r.DOF.Scatter.ForegroundCompositing:1    ; additive foreground scattering]]
[2022.02.02-20.34.21:268][  0]LogConfig: Setting CVar [[r.DOF.Scatter.BackgroundCompositing:2    ; additive background scattering]]
[2022.02.02-20.34.21:268][  0]LogConfig: Setting CVar [[r.DOF.Scatter.EnableBokehSettings:1      ; bokeh simulation when scattering]]
[2022.02.02-20.34.21:268][  0]LogConfig: Setting CVar [[r.DOF.Scatter.MaxSpriteRatio:0.1         ; only a maximum of 10% of scattered bokeh]]
[2022.02.02-20.34.21:268][  0]LogConfig: Setting CVar [[r.DOF.Recombine.Quality:1                ; cheap slight out of focus]]
[2022.02.02-20.34.21:268][  0]LogConfig: Setting CVar [[r.DOF.Recombine.EnableBokehSettings:0    ; no bokeh simulation on slight out of focus]]
[2022.02.02-20.34.21:268][  0]LogConfig: Setting CVar [[r.DOF.TemporalAAQuality:1                ; more stable temporal accumulation]]
[2022.02.02-20.34.21:268][  0]LogConfig: Setting CVar [[r.DOF.Kernel.MaxForegroundRadius:0.025]]
[2022.02.02-20.34.21:268][  0]LogConfig: Setting CVar [[r.DOF.Kernel.MaxBackgroundRadius:0.025]]
[2022.02.02-20.34.21:268][  0]LogConfig: Applying CVar settings from Section [TextureQuality@3] File [D:/git/MediaEngineering/Saved/Config/Windows/Scalability.ini]
[2022.02.02-20.34.21:268][  0]LogConfig: Setting CVar [[r.Streaming.MipBias:0]]
[2022.02.02-20.34.21:268][  0]LogConfig: Setting CVar [[r.Streaming.AmortizeCPUToGPUCopy:0]]
[2022.02.02-20.34.21:268][  0]LogConfig: Setting CVar [[r.Streaming.MaxNumTexturesToStreamPerFrame:0]]
[2022.02.02-20.34.21:268][  0]LogConfig: Setting CVar [[r.Streaming.Boost:1]]
[2022.02.02-20.34.21:268][  0]LogConfig: Setting CVar [[r.MaxAnisotropy:8]]
[2022.02.02-20.34.21:268][  0]LogConfig: Setting CVar [[r.VT.MaxAnisotropy:8]]
[2022.02.02-20.34.21:268][  0]LogConfig: Setting CVar [[r.Streaming.LimitPoolSizeToVRAM:0]]
[2022.02.02-20.34.21:268][  0]LogConfig: Setting CVar [[r.Streaming.PoolSize:1000]]
[2022.02.02-20.34.21:268][  0]LogConfig: Setting CVar [[r.Streaming.MaxEffectiveScreenSize:0]]
[2022.02.02-20.34.21:268][  0]LogConfig: Applying CVar settings from Section [EffectsQuality@3] File [D:/git/MediaEngineering/Saved/Config/Windows/Scalability.ini]
[2022.02.02-20.34.21:268][  0]LogConfig: Setting CVar [[r.TranslucencyLightingVolumeDim:64]]
[2022.02.02-20.34.21:268][  0]LogConfig: Setting CVar [[r.RefractionQuality:2]]
[2022.02.02-20.34.21:268][  0]LogConfig: Setting CVar [[r.SSR.Quality:3]]
[2022.02.02-20.34.21:268][  0]LogConfig: Setting CVar [[r.SSR.HalfResSceneColor:0]]
[2022.02.02-20.34.21:268][  0]LogConfig: Setting CVar [[r.SceneColorFormat:4]]
[2022.02.02-20.34.21:268][  0]LogConfig: Setting CVar [[r.DetailMode:2]]
[2022.02.02-20.34.21:269][  0]LogConfig: Setting CVar [[r.TranslucencyVolumeBlur:1]]
[2022.02.02-20.34.21:269][  0]LogConfig: Setting CVar [[r.MaterialQualityLevel:1 ; High quality]]
[2022.02.02-20.34.21:269][  0]LogConfig: Setting CVar [[r.AnisotropicMaterials:1]]
[2022.02.02-20.34.21:269][  0]LogConfig: Setting CVar [[r.SSS.Scale:1]]
[2022.02.02-20.34.21:269][  0]LogConfig: Setting CVar [[r.SSS.SampleSet:2]]
[2022.02.02-20.34.21:269][  0]LogConfig: Setting CVar [[r.SSS.Quality:1]]
[2022.02.02-20.34.21:269][  0]LogConfig: Setting CVar [[r.SSS.HalfRes:0]]
[2022.02.02-20.34.21:269][  0]LogConfig: Setting CVar [[r.SSGI.Quality:3]]
[2022.02.02-20.34.21:269][  0]LogConfig: Setting CVar [[r.EmitterSpawnRateScale:1.0]]
[2022.02.02-20.34.21:269][  0]LogConfig: Setting CVar [[r.ParticleLightQuality:2]]
[2022.02.02-20.34.21:269][  0]LogConfig: Setting CVar [[r.SkyAtmosphere.AerialPerspectiveLUT.FastApplyOnOpaque:1 ; Always have FastSkyLUT 1 in this case to avoid wrong sky]]
[2022.02.02-20.34.21:269][  0]LogConfig: Setting CVar [[r.SkyAtmosphere.AerialPerspectiveLUT.SampleCountMaxPerSlice:4]]
[2022.02.02-20.34.21:269][  0]LogConfig: Setting CVar [[r.SkyAtmosphere.AerialPerspectiveLUT.DepthResolution:16.0]]
[2022.02.02-20.34.21:269][  0]LogConfig: Setting CVar [[r.SkyAtmosphere.FastSkyLUT:1]]
[2022.02.02-20.34.21:269][  0]LogConfig: Setting CVar [[r.SkyAtmosphere.FastSkyLUT.SampleCountMin:4.0]]
[2022.02.02-20.34.21:269][  0]LogConfig: Setting CVar [[r.SkyAtmosphere.FastSkyLUT.SampleCountMax:128.0]]
[2022.02.02-20.34.21:269][  0]LogConfig: Setting CVar [[r.SkyAtmosphere.SampleCountMin:4.0]]
[2022.02.02-20.34.21:269][  0]LogConfig: Setting CVar [[r.SkyAtmosphere.SampleCountMax:128.0]]
[2022.02.02-20.34.21:269][  0]LogConfig: Setting CVar [[r.SkyAtmosphere.TransmittanceLUT.UseSmallFormat:0]]
[2022.02.02-20.34.21:269][  0]LogConfig: Setting CVar [[r.SkyAtmosphere.TransmittanceLUT.SampleCount:10.0]]
[2022.02.02-20.34.21:269][  0]LogConfig: Setting CVar [[r.SkyAtmosphere.MultiScatteringLUT.SampleCount:15.0]]
[2022.02.02-20.34.21:269][  0]LogConfig: Setting CVar [[r.SkyLight.RealTimeReflectionCapture:1]]
[2022.02.02-20.34.21:269][  0]LogConfig: Applying CVar settings from Section [FoliageQuality@3] File [D:/git/MediaEngineering/Saved/Config/Windows/Scalability.ini]
[2022.02.02-20.34.21:269][  0]LogConfig: Setting CVar [[foliage.DensityScale:1.0]]
[2022.02.02-20.34.21:269][  0]LogConfig: Setting CVar [[grass.DensityScale:1.0]]
[2022.02.02-20.34.21:269][  0]LogConfig: Applying CVar settings from Section [ShadingQuality@3] File [D:/git/MediaEngineering/Saved/Config/Windows/Scalability.ini]
[2022.02.02-20.34.21:269][  0]LogConfig: Setting CVar [[r.HairStrands.SkyLighting.IntegrationType:2]]
[2022.02.02-20.34.21:269][  0]LogConfig: Setting CVar [[r.HairStrands.SkyAO.SampleCount:4]]
[2022.02.02-20.34.21:269][  0]LogConfig: Setting CVar [[r.HairStrands.Visibility.MSAA.SamplePerPixel:4]]
[2022.02.02-20.34.21:269][  0]LogInit: Selected Device Profile: [Windows]
[2022.02.02-20.34.21:269][  0]LogInit: Applying CVar settings loaded from the selected device profile: [Windows]
[2022.02.02-20.34.21:269][  0]LogHAL: Display: Platform has ~ 16 GB [17057812480 / 17179869184 / 16], which maps to Larger [LargestMinGB=32, LargerMinGB=12, DefaultMinGB=8, SmallerMinGB=6, SmallestMinGB=0)
[2022.02.02-20.34.21:269][  0]LogInit: Going up to parent DeviceProfile []
[2022.02.02-20.34.21:269][  0]LogConfig: Applying CVar settings from Section [ViewDistanceQuality@3] File [D:/git/MediaEngineering/Saved/Config/Windows/Scalability.ini]
[2022.02.02-20.34.21:269][  0]LogConfig: Setting CVar [[r.SkeletalMeshLODBias:0]]
[2022.02.02-20.34.21:269][  0]LogConfig: Setting CVar [[r.ViewDistanceScale:1.0]]
[2022.02.02-20.34.21:269][  0]LogConfig: Applying CVar settings from Section [AntiAliasingQuality@3] File [D:/git/MediaEngineering/Saved/Config/Windows/Scalability.ini]
[2022.02.02-20.34.21:269][  0]LogConfig: Setting CVar [[r.PostProcessAAQuality:4]]
[2022.02.02-20.34.21:269][  0]LogConfig: Applying CVar settings from Section [ShadowQuality@3] File [D:/git/MediaEngineering/Saved/Config/Windows/Scalability.ini]
[2022.02.02-20.34.21:269][  0]LogConfig: Setting CVar [[r.LightFunctionQuality:1]]
[2022.02.02-20.34.21:269][  0]LogConfig: Setting CVar [[r.ShadowQuality:5]]
[2022.02.02-20.34.21:269][  0]LogConfig: Setting CVar [[r.Shadow.CSM.MaxCascades:10]]
[2022.02.02-20.34.21:269][  0]LogConfig: Setting CVar [[r.Shadow.MaxResolution:2048]]
[2022.02.02-20.34.21:269][  0]LogConfig: Setting CVar [[r.Shadow.MaxCSMResolution:2048]]
[2022.02.02-20.34.21:269][  0]LogConfig: Setting CVar [[r.Shadow.RadiusThreshold:0.01]]
[2022.02.02-20.34.21:269][  0]LogConfig: Setting CVar [[r.Shadow.DistanceScale:1.0]]
[2022.02.02-20.34.21:269][  0]LogConfig: Setting CVar [[r.Shadow.CSM.TransitionScale:1.0]]
[2022.02.02-20.34.21:269][  0]LogConfig: Setting CVar [[r.Shadow.PreShadowResolutionFactor:1.0]]
[2022.02.02-20.34.21:270][  0]LogConfig: Setting CVar [[r.DistanceFieldShadowing:1]]
[2022.02.02-20.34.21:270][  0]LogConfig: Setting CVar [[r.DistanceFieldAO:1]]
[2022.02.02-20.34.21:270][  0]LogConfig: Setting CVar [[r.AOQuality:2]]
[2022.02.02-20.34.21:270][  0]LogConfig: Setting CVar [[r.VolumetricFog:1]]
[2022.02.02-20.34.21:270][  0]LogConfig: Setting CVar [[r.VolumetricFog.GridPixelSize:8]]
[2022.02.02-20.34.21:270][  0]LogConfig: Setting CVar [[r.VolumetricFog.GridSizeZ:128]]
[2022.02.02-20.34.21:270][  0]LogConfig: Setting CVar [[r.VolumetricFog.HistoryMissSupersampleCount:4]]
[2022.02.02-20.34.21:270][  0]LogConfig: Setting CVar [[r.LightMaxDrawDistanceScale:1]]
[2022.02.02-20.34.21:270][  0]LogConfig: Setting CVar [[r.CapsuleShadows:1]]
[2022.02.02-20.34.21:270][  0]LogConfig: Applying CVar settings from Section [PostProcessQuality@3] File [D:/git/MediaEngineering/Saved/Config/Windows/Scalability.ini]
[2022.02.02-20.34.21:270][  0]LogConfig: Setting CVar [[r.MotionBlurQuality:4]]
[2022.02.02-20.34.21:270][  0]LogConfig: Setting CVar [[r.AmbientOcclusionMipLevelFactor:0.4]]
[2022.02.02-20.34.21:270][  0]LogConfig: Setting CVar [[r.AmbientOcclusionMaxQuality:100]]
[2022.02.02-20.34.21:270][  0]LogConfig: Setting CVar [[r.AmbientOcclusionLevels:-1]]
[2022.02.02-20.34.21:270][  0]LogConfig: Setting CVar [[r.AmbientOcclusionRadiusScale:1.0]]
[2022.02.02-20.34.21:270][  0]LogConfig: Setting CVar [[r.DepthOfFieldQuality:2]]
[2022.02.02-20.34.21:270][  0]LogConfig: Setting CVar [[r.RenderTargetPoolMin:400]]
[2022.02.02-20.34.21:270][  0]LogConfig: Setting CVar [[r.LensFlareQuality:2]]
[2022.02.02-20.34.21:270][  0]LogConfig: Setting CVar [[r.SceneColorFringeQuality:1]]
[2022.02.02-20.34.21:270][  0]LogConfig: Setting CVar [[r.EyeAdaptationQuality:2]]
[2022.02.02-20.34.21:270][  0]LogConfig: Setting CVar [[r.BloomQuality:5]]
[2022.02.02-20.34.21:270][  0]LogConfig: Setting CVar [[r.FastBlurThreshold:100]]
[2022.02.02-20.34.21:270][  0]LogConfig: Setting CVar [[r.Upscale.Quality:3]]
[2022.02.02-20.34.21:270][  0]LogConfig: Setting CVar [[r.Tonemapper.GrainQuantization:1]]
[2022.02.02-20.34.21:270][  0]LogConfig: Setting CVar [[r.LightShaftQuality:1]]
[2022.02.02-20.34.21:270][  0]LogConfig: Setting CVar [[r.Filter.SizeScale:1]]
[2022.02.02-20.34.21:270][  0]LogConfig: Setting CVar [[r.Tonemapper.Quality:5]]
[2022.02.02-20.34.21:270][  0]LogConfig: Setting CVar [[r.DOF.Gather.AccumulatorQuality:1        ; higher gathering accumulator quality]]
[2022.02.02-20.34.21:270][  0]LogConfig: Setting CVar [[r.DOF.Gather.PostfilterMethod:1          ; Median3x3 postfilering method]]
[2022.02.02-20.34.21:270][  0]LogConfig: Setting CVar [[r.DOF.Gather.EnableBokehSettings:0       ; no bokeh simulation when gathering]]
[2022.02.02-20.34.21:270][  0]LogConfig: Setting CVar [[r.DOF.Gather.RingCount:4                 ; medium number of samples when gathering]]
[2022.02.02-20.34.21:270][  0]LogConfig: Setting CVar [[r.DOF.Scatter.ForegroundCompositing:1    ; additive foreground scattering]]
[2022.02.02-20.34.21:270][  0]LogConfig: Setting CVar [[r.DOF.Scatter.BackgroundCompositing:2    ; additive background scattering]]
[2022.02.02-20.34.21:270][  0]LogConfig: Setting CVar [[r.DOF.Scatter.EnableBokehSettings:1      ; bokeh simulation when scattering]]
[2022.02.02-20.34.21:270][  0]LogConfig: Setting CVar [[r.DOF.Scatter.MaxSpriteRatio:0.1         ; only a maximum of 10% of scattered bokeh]]
[2022.02.02-20.34.21:270][  0]LogConfig: Setting CVar [[r.DOF.Recombine.Quality:1                ; cheap slight out of focus]]
[2022.02.02-20.34.21:270][  0]LogConfig: Setting CVar [[r.DOF.Recombine.EnableBokehSettings:0    ; no bokeh simulation on slight out of focus]]
[2022.02.02-20.34.21:270][  0]LogConfig: Setting CVar [[r.DOF.TemporalAAQuality:1                ; more stable temporal accumulation]]
[2022.02.02-20.34.21:270][  0]LogConfig: Setting CVar [[r.DOF.Kernel.MaxForegroundRadius:0.025]]
[2022.02.02-20.34.21:270][  0]LogConfig: Setting CVar [[r.DOF.Kernel.MaxBackgroundRadius:0.025]]
[2022.02.02-20.34.21:270][  0]LogConfig: Applying CVar settings from Section [TextureQuality@3] File [D:/git/MediaEngineering/Saved/Config/Windows/Scalability.ini]
[2022.02.02-20.34.21:270][  0]LogConfig: Setting CVar [[r.Streaming.MipBias:0]]
[2022.02.02-20.34.21:270][  0]LogConfig: Setting CVar [[r.Streaming.AmortizeCPUToGPUCopy:0]]
[2022.02.02-20.34.21:270][  0]LogConfig: Setting CVar [[r.Streaming.MaxNumTexturesToStreamPerFrame:0]]
[2022.02.02-20.34.21:270][  0]LogConfig: Setting CVar [[r.Streaming.Boost:1]]
[2022.02.02-20.34.21:270][  0]LogConfig: Setting CVar [[r.MaxAnisotropy:8]]
[2022.02.02-20.34.21:270][  0]LogConfig: Setting CVar [[r.VT.MaxAnisotropy:8]]
[2022.02.02-20.34.21:270][  0]LogConfig: Setting CVar [[r.Streaming.LimitPoolSizeToVRAM:0]]
[2022.02.02-20.34.21:270][  0]LogConfig: Setting CVar [[r.Streaming.PoolSize:1000]]
[2022.02.02-20.34.21:270][  0]LogConfig: Setting CVar [[r.Streaming.MaxEffectiveScreenSize:0]]
[2022.02.02-20.34.21:270][  0]LogConfig: Applying CVar settings from Section [EffectsQuality@3] File [D:/git/MediaEngineering/Saved/Config/Windows/Scalability.ini]
[2022.02.02-20.34.21:270][  0]LogConfig: Setting CVar [[r.TranslucencyLightingVolumeDim:64]]
[2022.02.02-20.34.21:270][  0]LogConfig: Setting CVar [[r.RefractionQuality:2]]
[2022.02.02-20.34.21:270][  0]LogConfig: Setting CVar [[r.SSR.Quality:3]]
[2022.02.02-20.34.21:270][  0]LogConfig: Setting CVar [[r.SSR.HalfResSceneColor:0]]
[2022.02.02-20.34.21:270][  0]LogConfig: Setting CVar [[r.SceneColorFormat:4]]
[2022.02.02-20.34.21:271][  0]LogConfig: Setting CVar [[r.DetailMode:2]]
[2022.02.02-20.34.21:271][  0]LogConfig: Setting CVar [[r.TranslucencyVolumeBlur:1]]
[2022.02.02-20.34.21:271][  0]LogConfig: Setting CVar [[r.MaterialQualityLevel:1 ; High quality]]
[2022.02.02-20.34.21:271][  0]LogConfig: Setting CVar [[r.AnisotropicMaterials:1]]
[2022.02.02-20.34.21:271][  0]LogConfig: Setting CVar [[r.SSS.Scale:1]]
[2022.02.02-20.34.21:271][  0]LogConfig: Setting CVar [[r.SSS.SampleSet:2]]
[2022.02.02-20.34.21:271][  0]LogConfig: Setting CVar [[r.SSS.Quality:1]]
[2022.02.02-20.34.21:271][  0]LogConfig: Setting CVar [[r.SSS.HalfRes:0]]
[2022.02.02-20.34.21:271][  0]LogConfig: Setting CVar [[r.SSGI.Quality:3]]
[2022.02.02-20.34.21:271][  0]LogConfig: Setting CVar [[r.EmitterSpawnRateScale:1.0]]
[2022.02.02-20.34.21:271][  0]LogConfig: Setting CVar [[r.ParticleLightQuality:2]]
[2022.02.02-20.34.21:271][  0]LogConfig: Setting CVar [[r.SkyAtmosphere.AerialPerspectiveLUT.FastApplyOnOpaque:1 ; Always have FastSkyLUT 1 in this case to avoid wrong sky]]
[2022.02.02-20.34.21:271][  0]LogConfig: Setting CVar [[r.SkyAtmosphere.AerialPerspectiveLUT.SampleCountMaxPerSlice:4]]
[2022.02.02-20.34.21:271][  0]LogConfig: Setting CVar [[r.SkyAtmosphere.AerialPerspectiveLUT.DepthResolution:16.0]]
[2022.02.02-20.34.21:271][  0]LogConfig: Setting CVar [[r.SkyAtmosphere.FastSkyLUT:1]]
[2022.02.02-20.34.21:271][  0]LogConfig: Setting CVar [[r.SkyAtmosphere.FastSkyLUT.SampleCountMin:4.0]]
[2022.02.02-20.34.21:271][  0]LogConfig: Setting CVar [[r.SkyAtmosphere.FastSkyLUT.SampleCountMax:128.0]]
[2022.02.02-20.34.21:271][  0]LogConfig: Setting CVar [[r.SkyAtmosphere.SampleCountMin:4.0]]
[2022.02.02-20.34.21:271][  0]LogConfig: Setting CVar [[r.SkyAtmosphere.SampleCountMax:128.0]]
[2022.02.02-20.34.21:271][  0]LogConfig: Setting CVar [[r.SkyAtmosphere.TransmittanceLUT.UseSmallFormat:0]]
[2022.02.02-20.34.21:271][  0]LogConfig: Setting CVar [[r.SkyAtmosphere.TransmittanceLUT.SampleCount:10.0]]
[2022.02.02-20.34.21:271][  0]LogConfig: Setting CVar [[r.SkyAtmosphere.MultiScatteringLUT.SampleCount:15.0]]
[2022.02.02-20.34.21:271][  0]LogConfig: Setting CVar [[r.SkyLight.RealTimeReflectionCapture:1]]
[2022.02.02-20.34.21:271][  0]LogConfig: Applying CVar settings from Section [FoliageQuality@3] File [D:/git/MediaEngineering/Saved/Config/Windows/Scalability.ini]
[2022.02.02-20.34.21:271][  0]LogConfig: Setting CVar [[foliage.DensityScale:1.0]]
[2022.02.02-20.34.21:271][  0]LogConfig: Setting CVar [[grass.DensityScale:1.0]]
[2022.02.02-20.34.21:271][  0]LogConfig: Applying CVar settings from Section [ShadingQuality@3] File [D:/git/MediaEngineering/Saved/Config/Windows/Scalability.ini]
[2022.02.02-20.34.21:271][  0]LogConfig: Setting CVar [[r.HairStrands.SkyLighting.IntegrationType:2]]
[2022.02.02-20.34.21:271][  0]LogConfig: Setting CVar [[r.HairStrands.SkyAO.SampleCount:4]]
[2022.02.02-20.34.21:271][  0]LogConfig: Setting CVar [[r.HairStrands.Visibility.MSAA.SamplePerPixel:4]]
[2022.02.02-20.34.21:271][  0]LogConfig: Applying CVar settings from Section [Startup] File [../../../Engine/Config/ConsoleVariables.ini]
[2022.02.02-20.34.21:272][  0]LogConfig: Setting CVar [[net.UseAdaptiveNetUpdateFrequency:0]]
[2022.02.02-20.34.21:272][  0]LogConfig: Setting CVar [[p.chaos.AllowCreatePhysxBodies:1]]
[2022.02.02-20.34.21:272][  0]LogConfig: Setting CVar [[fx.SkipVectorVMBackendOptimizations:1]]
[2022.02.02-20.34.21:272][  0]LogConfig: Applying CVar settings from Section [ConsoleVariables] File [D:/git/MediaEngineering/Saved/Config/Windows/Engine.ini]
[2022.02.02-20.34.21:272][  0]LogConfig: Applying CVar settings from Section [ConsoleVariables] File [D:/git/MediaEngineering/Saved/Config/Windows/Editor.ini]
[2022.02.02-20.34.21:272][  0]LogInit: Computer: DESKTOP-FK3NR04
[2022.02.02-20.34.21:272][  0]LogInit: User: chris
[2022.02.02-20.34.21:272][  0]LogInit: CPU Page size=4096, Cores=4
[2022.02.02-20.34.21:272][  0]LogInit: High frequency timer resolution =10.000000 MHz
[2022.02.02-20.34.21:272][  0]LogMemory: Memory total: Physical=15.9GB (16GB approx)
[2022.02.02-20.34.21:272][  0]LogMemory: Platform Memory Stats for Windows
[2022.02.02-20.34.21:272][  0]LogMemory: Process Physical Memory: 142.69 MB used, 142.69 MB peak
[2022.02.02-20.34.21:272][  0]LogMemory: Process Virtual Memory: 124.52 MB used, 124.52 MB peak
[2022.02.02-20.34.21:272][  0]LogMemory: Physical Memory: 12377.37 MB used,  3890.23 MB free, 16267.60 MB total
[2022.02.02-20.34.21:272][  0]LogMemory: Virtual Memory: 134205480.00 MB used,  12251.59 MB free, 134217728.00 MB total
[2022.02.02-20.34.21:283][  0]LogWindows: WindowsPlatformFeatures enabled
[2022.02.02-20.34.21:375][  0]LogInit: Physics initialised using underlying interface: PhysX
[2022.02.02-20.34.21:377][  0]LogInit: Using OS detected language (de-DE).
[2022.02.02-20.34.21:377][  0]LogInit: Using OS detected locale (de-DE).
[2022.02.02-20.34.21:391][  0]LogTextLocalizationManager: No specific localization for 'de-DE' exists, so the 'de' localization will be used.
[2022.02.02-20.34.21:391][  0]LogTextLocalizationResource: LocRes '../../../Engine/Content/Localization/Editor/de/Editor.locres' could not be opened for reading!
[2022.02.02-20.34.21:391][  0]LogTextLocalizationResource: LocRes '../../../Engine/Content/Localization/EditorTutorials/de/EditorTutorials.locres' could not be opened for reading!
[2022.02.02-20.34.21:391][  0]LogTextLocalizationResource: LocRes '../../../Engine/Content/Localization/Keywords/de/Keywords.locres' could not be opened for reading!
[2022.02.02-20.34.21:392][  0]LogTextLocalizationResource: LocRes '../../../Engine/Content/Localization/Category/de/Category.locres' could not be opened for reading!
[2022.02.02-20.34.21:392][  0]LogTextLocalizationResource: LocRes '../../../Engine/Content/Localization/ToolTips/de/ToolTips.locres' could not be opened for reading!
[2022.02.02-20.34.21:392][  0]LogTextLocalizationResource: LocRes '../../../Engine/Content/Localization/PropertyNames/de/PropertyNames.locres' could not be opened for reading!
[2022.02.02-20.34.21:392][  0]LogTextLocalizationResource: LocRes '../../../Engine/Content/Localization/Engine/de/Engine.locres' could not be opened for reading!
[2022.02.02-20.34.21:394][  0]LogInit: Setting process to per monitor DPI aware
[2022.02.02-20.34.21:425][  0]LogWindowsTextInputMethodSystem: Display: IME system deactivated.
[2022.02.02-20.34.21:458][  0]LogSlate: New Slate User Created.  User Index 0, Is Virtual User: 0
[2022.02.02-20.34.21:459][  0]LogSlate: Slate User Registered.  User Index 0, Is Virtual User: 0
[2022.02.02-20.34.21:753][  0]LogD3D11RHI: Loaded GFSDK_Aftermath_Lib.x64.dll
[2022.02.02-20.34.21:820][  0]LogHMD: Failed to initialize OpenVR with code 110
[2022.02.02-20.34.21:820][  0]LogD3D11RHI: D3D11 min allowed feature level: 11_0
[2022.02.02-20.34.21:820][  0]LogD3D11RHI: D3D11 max allowed feature level: 11_0
[2022.02.02-20.34.21:820][  0]LogD3D11RHI: D3D11 adapters:
[2022.02.02-20.34.21:953][  0]LogD3D11RHI:    0. 'NVIDIA GeForce GTX 1050 Ti' (Feature Level 11_0)
[2022.02.02-20.34.21:953][  0]LogD3D11RHI:       4018/0/8133 MB DedicatedVideo/DedicatedSystem/SharedSystem, Outputs:2, VendorId:0x10de
[2022.02.02-20.34.21:977][  0]LogD3D11RHI:    1. 'Intel(R) HD Graphics 630' (Feature Level 11_0)
[2022.02.02-20.34.21:977][  0]LogD3D11RHI:       128/0/8133 MB DedicatedVideo/DedicatedSystem/SharedSystem, Outputs:0, VendorId:0x8086
[2022.02.02-20.34.21:980][  0]LogD3D11RHI:    2. 'Microsoft Basic Render Driver' (Feature Level 11_0)
[2022.02.02-20.34.21:980][  0]LogD3D11RHI:       0/0/8133 MB DedicatedVideo/DedicatedSystem/SharedSystem, Outputs:0, VendorId:0x1414
[2022.02.02-20.34.22:002][  0]LogD3D11RHI:    3. 'Intel(R) HD Graphics 630' (Feature Level 11_0)
[2022.02.02-20.34.22:002][  0]LogD3D11RHI:       128/0/8133 MB DedicatedVideo/DedicatedSystem/SharedSystem, Outputs:0, VendorId:0x8086
[2022.02.02-20.34.22:002][  0]LogD3D11RHI: Chosen D3D11 Adapter:
[2022.02.02-20.34.22:002][  0]LogD3D11RHI:     Description : NVIDIA GeForce GTX 1050 Ti
[2022.02.02-20.34.22:002][  0]LogD3D11RHI:     VendorId    : 10de
[2022.02.02-20.34.22:002][  0]LogD3D11RHI:     DeviceId    : 1c8c
[2022.02.02-20.34.22:002][  0]LogD3D11RHI:     SubSysId    : 11971025
[2022.02.02-20.34.22:002][  0]LogD3D11RHI:     Revision    : 00a1
[2022.02.02-20.34.22:002][  0]LogD3D11RHI:     DedicatedVideoMemory : 4213178368 bytes
[2022.02.02-20.34.22:002][  0]LogD3D11RHI:     DedicatedSystemMemory : 0 bytes
[2022.02.02-20.34.22:002][  0]LogD3D11RHI:     SharedSystemMemory : 8528906240 bytes
[2022.02.02-20.34.22:002][  0]LogD3D11RHI:     AdapterLuid : 0 56914
[2022.02.02-20.34.22:011][  0]LogD3D11RHI: Creating new Direct3DDevice
[2022.02.02-20.34.22:011][  0]LogD3D11RHI:     GPU DeviceId: 0x1c8c (for the marketing name, search the web for "GPU Device Id")
[2022.02.02-20.34.22:011][  0]LogWindows: EnumDisplayDevices:
[2022.02.02-20.34.22:011][  0]LogWindows:    0. 'Intel(R) HD Graphics 630' (P:0 D:1)
[2022.02.02-20.34.22:012][  0]LogWindows:    1. 'Intel(R) HD Graphics 630' (P:0 D:0)
[2022.02.02-20.34.22:013][  0]LogWindows:    2. 'Intel(R) HD Graphics 630' (P:0 D:0)
[2022.02.02-20.34.22:014][  0]LogWindows:    3. 'NVIDIA GeForce GTX 1050 Ti' (P:0 D:0)
[2022.02.02-20.34.22:014][  0]LogWindows:    4. 'DisplayLink USB Device' (P:1 D:1)
[2022.02.02-20.34.22:015][  0]LogWindows:    5. 'DisplayLink USB Device' (P:0 D:0)
[2022.02.02-20.34.22:015][  0]LogWindows: DebugString: PrimaryIsNotTheChoosenAdapter PrimaryIsNotTheChoosenAdapter PrimaryIsNotTheChoosenAdapter GetVideoDriverDetailsInvalid PrimaryIsNotTheChoosenAdapter GetVideoDriverDetailsInvalid PrimaryIsNotTheChoosenAdapter 
[2022.02.02-20.34.22:015][  0]LogD3D11RHI:     Adapter Name: NVIDIA GeForce GTX 1050 Ti
[2022.02.02-20.34.22:015][  0]LogD3D11RHI:   Driver Version: 466.27 (internal:27.21.14.6627, unified:466.27)
[2022.02.02-20.34.22:015][  0]LogD3D11RHI:      Driver Date: 4-23-2021
[2022.02.02-20.34.22:015][  0]LogRHI: Texture pool is 2812 MB (70% of 4018 MB)
[2022.02.02-20.34.22:015][  0]LogD3D11RHI: Creating D3DDevice using adapter:
[2022.02.02-20.34.22:015][  0]LogD3D11RHI:     Description : NVIDIA GeForce GTX 1050 Ti
[2022.02.02-20.34.22:015][  0]LogD3D11RHI:     VendorId    : 10de
[2022.02.02-20.34.22:015][  0]LogD3D11RHI:     DeviceId    : 1c8c
[2022.02.02-20.34.22:015][  0]LogD3D11RHI:     SubSysId    : 11971025
[2022.02.02-20.34.22:015][  0]LogD3D11RHI:     Revision    : 00a1
[2022.02.02-20.34.22:015][  0]LogD3D11RHI:     DedicatedVideoMemory : 4213178368 bytes
[2022.02.02-20.34.22:015][  0]LogD3D11RHI:     DedicatedSystemMemory : 0 bytes
[2022.02.02-20.34.22:015][  0]LogD3D11RHI:     SharedSystemMemory : 8528906240 bytes
[2022.02.02-20.34.22:015][  0]LogD3D11RHI:     AdapterLuid : 0 56914
[2022.02.02-20.34.22:123][  0]LogD3D11RHI: RHI has support for 64 bit atomics
[2022.02.02-20.34.22:123][  0]LogD3D11RHI: Async texture creation enabled
[2022.02.02-20.34.22:123][  0]LogD3D11RHI: Array index from any shader is supported
[2022.02.02-20.34.22:148][  0]LogD3D11RHI: GPU Timing Frequency: 1000.000000 (Debug: 2 1)
[2022.02.02-20.34.22:264][  0]LogRHI: GeForceNow SDK initialized: 1
[2022.02.02-20.34.22:974][  0]LogTargetPlatformManager: Display: Loaded TargetPlatform 'AllDesktop'
[2022.02.02-20.34.23:005][  0]LogTargetPlatformManager: Display: Loaded TargetPlatform 'Android'
[2022.02.02-20.34.23:005][  0]LogTargetPlatformManager: Display: Loaded TargetPlatform 'Android_ASTC'
[2022.02.02-20.34.23:005][  0]LogTargetPlatformManager: Display: Loaded TargetPlatform 'Android_DXT'
[2022.02.02-20.34.23:005][  0]LogTargetPlatformManager: Display: Loaded TargetPlatform 'Android_ETC2'
[2022.02.02-20.34.23:005][  0]LogTargetPlatformManager: Display: Loaded TargetPlatform 'AndroidClient'
[2022.02.02-20.34.23:005][  0]LogTargetPlatformManager: Display: Loaded TargetPlatform 'Android_ASTCClient'
[2022.02.02-20.34.23:005][  0]LogTargetPlatformManager: Display: Loaded TargetPlatform 'Android_DXTClient'
[2022.02.02-20.34.23:005][  0]LogTargetPlatformManager: Display: Loaded TargetPlatform 'Android_ETC2Client'
[2022.02.02-20.34.23:005][  0]LogTargetPlatformManager: Display: Loaded TargetPlatform 'Android_Multi'
[2022.02.02-20.34.23:005][  0]LogTargetPlatformManager: Display: Loaded TargetPlatform 'Android_MultiClient'
[2022.02.02-20.34.23:031][  0]LogTargetPlatformManager: Display: Loaded TargetPlatform 'IOSClient'
[2022.02.02-20.34.23:031][  0]LogTargetPlatformManager: Display: Loaded TargetPlatform 'IOS'
[2022.02.02-20.34.23:043][  0]LogTargetPlatformManager: Display: Loaded TargetPlatform 'Linux'
[2022.02.02-20.34.23:051][  0]LogTargetPlatformManager: Display: Loaded TargetPlatform 'LinuxNoEditor'
[2022.02.02-20.34.23:059][  0]LogTargetPlatformManager: Display: Loaded TargetPlatform 'LinuxClient'
[2022.02.02-20.34.23:065][  0]LogTargetPlatformManager: Display: Loaded TargetPlatform 'LinuxServer'
[2022.02.02-20.34.23:077][  0]LogTargetPlatformManager: Display: Loaded TargetPlatform 'LinuxAArch64NoEditor'
[2022.02.02-20.34.23:084][  0]LogTargetPlatformManager: Display: Loaded TargetPlatform 'LinuxAArch64Client'
[2022.02.02-20.34.23:093][  0]LogTargetPlatformManager: Display: Loaded TargetPlatform 'LinuxAArch64Server'
[2022.02.02-20.34.23:128][  0]LogTargetPlatformManager: Display: Loaded TargetPlatform 'Lumin'
[2022.02.02-20.34.23:128][  0]LogTargetPlatformManager: Display: Loaded TargetPlatform 'LuminClient'
[2022.02.02-20.34.23:139][  0]LogTargetPlatformManager: Display: Loaded TargetPlatform 'MacNoEditor'
[2022.02.02-20.34.23:146][  0]LogTargetPlatformManager: Display: Loaded TargetPlatform 'Mac'
[2022.02.02-20.34.23:153][  0]LogTargetPlatformManager: Display: Loaded TargetPlatform 'MacClient'
[2022.02.02-20.34.23:160][  0]LogTargetPlatformManager: Display: Loaded TargetPlatform 'MacServer'
[2022.02.02-20.34.23:173][  0]LogTargetPlatformManager: Display: Loaded TargetPlatform 'TVOSClient'
[2022.02.02-20.34.23:173][  0]LogTargetPlatformManager: Display: Loaded TargetPlatform 'TVOS'
[2022.02.02-20.34.23:186][  0]LogTargetPlatformManager: Display: Loaded TargetPlatform 'WindowsNoEditor'
[2022.02.02-20.34.23:194][  0]LogTargetPlatformManager: Display: Loaded TargetPlatform 'Windows'
[2022.02.02-20.34.23:200][  0]LogTargetPlatformManager: Display: Loaded TargetPlatform 'WindowsClient'
[2022.02.02-20.34.23:206][  0]LogTargetPlatformManager: Display: Loaded TargetPlatform 'WindowsServer'
[2022.02.02-20.34.23:206][  0]LogTargetPlatformManager: Display: Building Assets For Windows
[2022.02.02-20.34.23:219][  0]LogAudioDebug: Display: Lib vorbis DLL was dynamically loaded.
[2022.02.02-20.34.23:274][  0]LogTextureFormatOodle: Display: Oodle Texture 2.9.0 init RDO Off
[2022.02.02-20.34.23:326][  0]LogRendererCore: Ray tracing is disabled. Reason: r.RayTracing=0.
[2022.02.02-20.34.23:326][  0]LogShaderCompilers: Guid format shader working directory is 23 characters bigger than the processId version (D:/git/MediaEngineering/Intermediate/Shaders/WorkingDirectory/7028/).
[2022.02.02-20.34.23:327][  0]LogShaderCompilers: Cleaned the shader compiler working directory 'C:/Users/chris/AppData/Local/Temp/UnrealShaderWorkingDir/6844CF7F40DDF96F5F4154A38C1CA56D/'.
[2022.02.02-20.34.23:327][  0]LogXGEController: Cannot use XGE Controller as Incredibuild is not installed on this machine.
[2022.02.02-20.34.23:327][  0]LogShaderCompilers: Cannot use XGE Shader Compiler as Incredibuild is not installed on this machine.
[2022.02.02-20.34.23:327][  0]LogShaderCompilers: Display: Using Local Shader Compiler.
[2022.02.02-20.34.24:330][  0]LogDerivedDataCache: Display: Max Cache Size: 512 MB
[2022.02.02-20.34.24:404][  0]LogDerivedDataCache: Loaded boot cache 0.07s 94MB C:/Users/chris/AppData/Local/UnrealEngine/4.27/DerivedDataCache/Boot.ddc.
[2022.02.02-20.34.24:404][  0]LogDerivedDataCache: Display: Loaded Boot cache: C:/Users/chris/AppData/Local/UnrealEngine/4.27/DerivedDataCache/Boot.ddc
[2022.02.02-20.34.24:404][  0]LogDerivedDataCache: FDerivedDataBackendGraph:  Pak pak cache file D:/git/MediaEngineering/DerivedDataCache/DDC.ddp not found, will not use a pak cache.
[2022.02.02-20.34.24:404][  0]LogDerivedDataCache: Unable to find inner node Pak for hierarchical cache Hierarchy.
[2022.02.02-20.34.24:404][  0]LogDerivedDataCache: FDerivedDataBackendGraph:  CompressedPak pak cache file D:/git/MediaEngineering/DerivedDataCache/Compressed.ddp not found, will not use a pak cache.
[2022.02.02-20.34.24:404][  0]LogDerivedDataCache: Unable to find inner node CompressedPak for hierarchical cache Hierarchy.
[2022.02.02-20.34.24:425][  0]LogDerivedDataCache: Display: Pak cache opened for reading ../../../Engine/DerivedDataCache/Compressed.ddp.
[2022.02.02-20.34.24:425][  0]LogDerivedDataCache: FDerivedDataBackendGraph:  EnterprisePak pak cache file ../../../Enterprise/DerivedDataCache/Compressed.ddp not found, will not use a pak cache.
[2022.02.02-20.34.24:425][  0]LogDerivedDataCache: Unable to find inner node EnterprisePak for hierarchical cache Hierarchy.
[2022.02.02-20.34.24:443][  0]LogDerivedDataCache: Speed tests for C:/Users/chris/AppData/Local/UnrealEngine/Common/DerivedDataCache took 0.02 seconds
[2022.02.02-20.34.24:443][  0]LogDerivedDataCache: Display: Performance to C:/Users/chris/AppData/Local/UnrealEngine/Common/DerivedDataCache: Latency=0.06ms. RandomReadSpeed=265.88MBs, RandomWriteSpeed=66.67MBs. Assigned SpeedClass 'Local'
[2022.02.02-20.34.24:444][  0]LogDerivedDataCache: Using Local data cache path C:/Users/chris/AppData/Local/UnrealEngine/Common/DerivedDataCache: Writable
[2022.02.02-20.34.24:444][  0]LogDerivedDataCache: Shared data cache path not found in *engine.ini, will not use an Shared cache.
[2022.02.02-20.34.24:444][  0]LogDerivedDataCache: Unable to find inner node Shared for hierarchical cache Hierarchy.
[2022.02.02-20.34.24:502][  0]LogSlate: Using FreeType 2.10.0
[2022.02.02-20.34.24:503][  0]LogSlate: SlateFontServices - WITH_FREETYPE: 1, WITH_HARFBUZZ: 1
[2022.02.02-20.34.24:537][  0]LogAssetRegistry: FAssetRegistry took 0.0030 seconds to start up
[2022.02.02-20.34.24:846][  0]LogInit: Selected Device Profile: [Windows]
[2022.02.02-20.34.24:846][  0]LogInit: Active device profile: [0000024E84E17600][0000024EF8C9E880 49] Windows
[2022.02.02-20.34.24:846][  0]LogInit: Profiles: [0000024E84E17600][0000024EF8C9E880 49] Windows, [0000024E84DD8E00][0000024EF8CA2A00 49] WindowsNoEditor, [0000024E84E14E00][0000024EF8BA0B80 49] WindowsServer, [0000024E84DDB400][0000024EF8BA4D00 49] WindowsClient, [0000024E84E17400][0000024EF8BA8E80 49] IOS, [0000024E84DD8100][0000024E8296F000 49] iPadAir, [0000024E84E14500][0000024E82973180 49] iPadAir2, [0000024E84D8C900][0000024E8297B440 49] IPadPro, [0000024E84D8CA00][0000024E82977480 49] iPadAir3, [0000024E84E17000][0000024E8297F600 49] iPadAir4, [0000024E84D8F700][0000024E82983780 49] iPadMini2, [0000024E84E15100][0000024E82987900 49] iPadMini3, [0000024E84D8D800][0000024E83FD1A80 49] iPadMini4, [0000024E84E16E00][0000024E83FD5C00 49] iPadMini5, [0000024E84DDB000][0000024E83FDC340 49] iPhone6, [0000024E84DDAF00][0000024E83FD8380 49] iPodTouch6, [0000024E84D7FF00][0000024EF8C9A600 49] iPhone7, [0000024E84D7FE00][0000024E83FE0640 49] iPodTouch7, [0000024E84DD8300][0000024E83FE4780 49] iPhone5S, [0000024E84D7D100][0000024E83FE88C0 49] iPhone6Plus, [0000024E84DDA500][0000024E83FF0A40 49] iPhone6S, [0000024E84D7F000][0000024E83FF4BC0 49] iPhone6SPlus, [0000024E84DD8600][0000024E83FF8D40 49] iPhone7Plus, [0000024E84D7D400][0000024E83FFCEC0 49] iPhoneSE, [0000024E84DDA300][0000024E84001040 49] iPhone8, [0000024E84D7ED00][0000024E840051C0 49] iPhone8Plus, [0000024E84DD8C00][0000024E84009340 49] iPhoneX, [0000024E84D7D800][0000024E8400D4C0 49] iPhoneXS, [0000024E84DD9F00][0000024E84011640 49] iPhoneXSMax, [0000024E84D7E900][0000024E840157C0 49] iPhoneXR, [0000024E84DD8D00][0000024E84019940 49] iPhone11, [0000024E84D7FC00][0000024E8401DAC0 49] iPhone11Pro, [0000024E84DDB500][0000024EFDED00C0 49] iPhone11ProMax, [0000024E84D7E800][0000024EFDED4240 49] iPhoneSE2, [0000024E84DD9200][0000024EFDED83C0 49] iPhone12Mini, [0000024E84D7F500][0000024EFDEDC540 49] iPhone12, [0000024E84DDB900][0000024EFDEE06C0 49] iPhone12Pro, [0000024E84D7E600][0000024E83FEC800 49] iPhone12ProMax, [0000024E84DD9400][0000024EFDEE4940 49] iPadPro105, [0000024E84D7DF00][0000024EFDEE8A80 49] iPadPro129, [0000024E84DDB300][0000024EFDEECBC0 49] iPadPro97, [0000024E84D7E300][0000024EFDEF4D40 49] iPadPro2_129, [0000024E84DD9E00][0000024EFDEF8EC0 49] iPad5, [0000024E84D7E200][0000024EFDEFD040 49] iPad6, [0000024E84DDA700][0000024EFDF011C0 49] iPad7, [0000024E84D7F300][0000024EFDF05340 49] iPad8, [0000024E84DD9900][0000024EFDF094C0 49] iPadPro11, [0000024E84D7EE00][0000024EFDF0D640 49] iPadPro2_11, [0000024E84DD8400][0000024EFDF117C0 49] iPadPro3_129, [0000024E84D7D000][0000024EFDF15940 49] iPadPro4_129, [0000024E84DDA200][0000024EFDF19AC0 49] AppleTV, [0000024E84D7F800][0000024EFDF1C0C0 49] AppleTV4K, [0000024E84DDBB00][0000024EFDF20240 49] TVOS, [0000024E84D7C300][0000024EFDF243C0 49] Mac, [0000024E84DD8F00][0000024EFDF28540 49] MacClient, [0000024E84D7DA00][0000024EFDF2C6C0 49] MacNoEditor, [0000024E84DDB800][0000024EFDF30840 49] MacServer, [0000024E84D7FD00][0000024EFDEF0980 49] Linux, [0000024E84DDB600][0000024EFDF34AC0 49] LinuxAArch64, [0000024E84D7DB00][0000024EFDF38C00 49] LinuxNoEditor, [0000024E84DD9C00][0000024EFDF3CD40 49] LinuxAArch64NoEditor, [0000024E84D7C600][0000024E83C20EC0 49] LinuxClient, [0000024E84DD9800][0000024E83C25040 49] LinuxAArch64Client, [0000024E84D7CA00][0000024E83C291C0 49] LinuxServer, [0000024E84DD9600][0000024E83C2D340 49] LinuxAArch64Server, [0000024E84D7EB00][0000024E83C314C0 49] Android, [0000024E84D8F100][0000024E83C35640 49] Android_Low, [0000024E84E54800][0000024E83C397C0 49] Android_Mid, [0000024E84D8E000][0000024E83C3D940 49] Android_High, [0000024E84E55500][0000024E83C41AC0 49] Android_Default, [0000024E84D8D600][0000024E83C440C0 49] Android_Adreno4xx, [0000024E84E55000][0000024E83C48240 49] Android_Adreno5xx_Low, [0000024E84D8C800][0000024E83C4C3C0 49] Android_Adreno5xx, [0000024E84E55200][0000024E83C50540 49] Android_Adreno6xx, [0000024E84D8E600][0000024E83C546C0 49] Android_Adreno6xx_Vulkan, [0000024E84E55700][0000024E83C58840 49] Android_Mali_T6xx, [0000024E84D8FB00][0000024E83C5C9C0 49] Android_Mali_T7xx, [0000024E84E54500][0000024E83C60B40 49] Android_Mali_T8xx, [0000024E84D8CD00][0000024EFDF40C80 49] Android_Mali_G71, [0000024E84E55A00][0000024E83C6CDC0 49] Android_Mali_G72, [0000024E84D8DD00][0000024E83C74F00 49] Android_Mali_G72_Vulkan, [0000024E84E54F00][0000024E83C7D080 49] Android_Mali_G76, [0000024E84D8FF00][0000024E83C81200 49] Android_Mali_G76_Vulkan, [0000024E84E54C00][0000024E83C8D380 49] Android_Mali_G77, [0000024E84D8C200][0000024E83C99500 49] Android_Mali_G77_Vulkan, [0000024E84E55600][0000024E8542D680 49] Android_Mali_G78, [0000024E84D8D300][0000024EF8EFF800 49] Android_Mali_G78_Vulkan, [0000024E84E55C00][0000024EF8F3D980 49] Android_Mali_G710, [0000024E84D8D200][0000024EF8F41B00 49] Android_Mali_G710_Vulkan, [0000024E84D7E700][0000024EFDE70100 49] Android_Vulkan_SM5, [0000024E84D8CB00][0000024EFDE74280 49] Android_PowerVR_G6xxx, [0000024E84D7C100][0000024EFDE78400 49] Android_PowerVR_GT7xxx, [0000024E84D8C400][0000024EFDE7C580 49] Android_PowerVR_GE8xxx, [0000024E84D7D500][0000024EFDEAC700 49] Android_PowerVR_GM9xxx, [0000024E84D8F000][0000024EFDEB0880 49] Android_PowerVR_GM9xxx_Vulkan, [0000024E84D7F400][0000024EFDEB4A00 49] Android_TegraK1, [0000024E84D8EE00][0000024EFDEB8B80 49] Android_Unknown_Vulkan, [0000024E84D7EF00][0000024EFDEBCD00 49] Lumin, [0000024E84D8CF00][0000024E83C78E40 49] Lumin_Desktop, [0000024E84D7D300][0000024EFDEC0F80 49] HoloLens, 
[2022.02.02-20.34.25:026][  0]LogMeshReduction: Using QuadricMeshReduction for automatic static mesh reduction
[2022.02.02-20.34.25:026][  0]LogMeshReduction: Using SimplygonMeshReduction for automatic skeletal mesh reduction
[2022.02.02-20.34.25:026][  0]LogMeshReduction: Using ProxyLODMeshReduction for automatic mesh merging
[2022.02.02-20.34.25:026][  0]LogMeshReduction: No distributed automatic mesh merging module available
[2022.02.02-20.34.25:026][  0]LogMeshMerging: No distributed automatic mesh merging module available
[2022.02.02-20.34.25:049][  0]LogNetVersion: MediaEngineering 1.0.0, NetCL: 17155196, EngineNetVer: 17, GameNetVer: 0 (Checksum: 3585772271)
[2022.02.02-20.34.25:596][  0]LogTexture: Default maximum texture size for cubemaps generated from long-lat sources has been changed from 512 to unlimited. In order to preserve old behaiour for '/Engine/MapTemplates/Sky/DaylightAmbientCubemap.DaylightAmbientCubemap', its maximum texture size has been explicitly set to 512.
[2022.02.02-20.34.25:674][  0]LogHMD: PokeAHoleMaterial loaded successfully
[2022.02.02-20.34.25:682][  0]LogUObjectArray: 17178 objects as part of root set at end of initial load.
[2022.02.02-20.34.25:682][  0]LogUObjectAllocator: 4302048 out of 0 bytes used by permanent object pool.
[2022.02.02-20.34.25:682][  0]LogUObjectArray: CloseDisregardForGC: 0/0 objects in disregard for GC pool
[2022.02.02-20.34.25:947][  0]LogNiagaraDebuggerClient: Niagara Debugger Client Initialized | Session: D22D5D3C412921803A56D7916CF25AE9 | Instance: 27FBAFA649899672054E6DBCD3C4B3D6 (DESKTOP-FK3NR04-7028).
[2022.02.02-20.34.26:309][  0]LogPython: Using Python 3.7.7
[2022.02.02-20.34.26:996][  0]LogTcpMessaging: Initializing TcpMessaging bridge
[2022.02.02-20.34.27:002][  0]LogUdpMessaging: Initializing bridge on interface 0.0.0.0:0 to multicast group 230.0.0.1:6666.
[2022.02.02-20.34.27:086][  0]LogOutputDevice: Warning: 

Script Stack (0 frames):

[2022.02.02-20.34.27:086][  0]LogWindows: Windows GetLastError: Der Vorgang wurde erfolgreich beendet. (0)
[2022.02.02-20.34.29:106][  0]LogWindows: Error: === Critical error: ===
[2022.02.02-20.34.29:106][  0]LogWindows: Error: 
[2022.02.02-20.34.29:106][  0]LogWindows: Error: Assertion failed: !GeneratedWrappedTypes.Contains(TypeRegistryName) [File:D:/Build/++UE4/Sync/Engine/Plugins/Experimental/PythonScriptPlugin/Source/PythonScriptPlugin/Private/PyWrapperTypeRegistry.cpp] [Line: 1780] 
[2022.02.02-20.34.29:106][  0]LogWindows: Error: 
[2022.02.02-20.34.29:106][  0]LogWindows: Error: 
[2022.02.02-20.34.29:106][  0]LogWindows: Error: 
[2022.02.02-20.34.29:106][  0]LogWindows: Error: [Callstack] 0x00007ffe506a4f69 KERNELBASE.dll!UnknownFunction []
[2022.02.02-20.34.29:106][  0]LogWindows: Error: [Callstack] 0x00007ffdca410216 UE4Editor-Core.dll!UnknownFunction []
[2022.02.02-20.34.29:106][  0]LogWindows: Error: [Callstack] 0x00007ffdca414218 UE4Editor-Core.dll!UnknownFunction []
[2022.02.02-20.34.29:106][  0]LogWindows: Error: [Callstack] 0x00007ffdca13242d UE4Editor-Core.dll!UnknownFunction []
[2022.02.02-20.34.29:106][  0]LogWindows: Error: [Callstack] 0x00007ffdca086a45 UE4Editor-Core.dll!UnknownFunction []
[2022.02.02-20.34.29:106][  0]LogWindows: Error: [Callstack] 0x00007ffdca0880a0 UE4Editor-Core.dll!UnknownFunction []
[2022.02.02-20.34.29:106][  0]LogWindows: Error: [Callstack] 0x00007ffda93a07db UE4Editor-PythonScriptPlugin.dll!UnknownFunction []
[2022.02.02-20.34.29:106][  0]LogWindows: Error: [Callstack] 0x00007ffda93a3a77 UE4Editor-PythonScriptPlugin.dll!UnknownFunction []
[2022.02.02-20.34.29:106][  0]LogWindows: Error: [Callstack] 0x00007ffda931f787 UE4Editor-PythonScriptPlugin.dll!UnknownFunction []
[2022.02.02-20.34.29:106][  0]LogWindows: Error: [Callstack] 0x00007ffda9301b5c UE4Editor-PythonScriptPlugin.dll!UnknownFunction []
[2022.02.02-20.34.29:106][  0]LogWindows: Error: [Callstack] 0x00007ffdca171af8 UE4Editor-Core.dll!UnknownFunction []
[2022.02.02-20.34.29:106][  0]LogWindows: Error: [Callstack] 0x00007ffdca191665 UE4Editor-Core.dll!UnknownFunction []
[2022.02.02-20.34.29:106][  0]LogWindows: Error: [Callstack] 0x00007ffdea0e6433 UE4Editor-Projects.dll!UnknownFunction []
[2022.02.02-20.34.29:107][  0]LogWindows: Error: [Callstack] 0x00007ffdea0e674f UE4Editor-Projects.dll!UnknownFunction []
[2022.02.02-20.34.29:107][  0]LogWindows: Error: [Callstack] 0x00007ff7410e5642 UE4Editor.exe!UnknownFunction []
[2022.02.02-20.34.29:107][  0]LogWindows: Error: [Callstack] 0x00007ff7410e9000 UE4Editor.exe!UnknownFunction []
[2022.02.02-20.34.29:107][  0]LogWindows: Error: [Callstack] 0x00007ff7410e0d2c UE4Editor.exe!UnknownFunction []
[2022.02.02-20.34.29:107][  0]LogWindows: Error: [Callstack] 0x00007ff7410e10ba UE4Editor.exe!UnknownFunction []
[2022.02.02-20.34.29:107][  0]LogWindows: Error: [Callstack] 0x00007ff7410e40dd UE4Editor.exe!UnknownFunction []
[2022.02.02-20.34.29:107][  0]LogWindows: Error: [Callstack] 0x00007ff7410f5984 UE4Editor.exe!UnknownFunction []
[2022.02.02-20.34.29:107][  0]LogWindows: Error: [Callstack] 0x00007ff7410f853a UE4Editor.exe!UnknownFunction []
[2022.02.02-20.34.29:107][  0]LogWindows: Error: [Callstack] 0x00007ffe51cc7034 KERNEL32.DLL!UnknownFunction []
[2022.02.02-20.34.29:107][  0]LogWindows: Error: [Callstack] 0x00007ffe52d02651 ntdll.dll!UnknownFunction []
[2022.02.02-20.34.29:107][  0]LogWindows: Error: 
[2022.02.02-20.34.29:115][  0]LogExit: Executing StaticShutdownAfterError
[2022.02.02-20.34.29:116][  0]LogWindows: FPlatformMisc::RequestExit(1)
[2022.02.02-20.34.29:116][  0]LogWindows: FPlatformMisc::RequestExitWithStatus(1, 3)
[2022.02.02-20.34.29:116][  0]LogCore: Engine exit requested (reason: Win RequestExit)
[2022.02.02-20.34.29:130][  0]Log file closed, 02/02/22 21:34:29
