Log file open, 02/02/22 20:48:25
LogWindows: Failed to load 'aqProf.dll' (GetLastError=126)
LogWindows: File 'aqProf.dll' does not exist
LogWindows: Failed to load 'VtuneApi.dll' (GetLastError=126)
LogWindows: File 'VtuneApi.dll' does not exist
LogWindows: Failed to load 'VtuneApi32e.dll' (GetLastError=126)
LogWindows: File 'VtuneApi32e.dll' does not exist
LogConsoleResponse: Display: Failed to find resolution value strings in scalability ini. Falling back to default.
LogConsoleResponse: Display: Failed to find resolution value strings in scalability ini. Falling back to default.
LogInit: Display: Running engine for game: MediaEngineering
LogPlatformFile: Not using cached read wrapper
LogTaskGraph: Started task graph with 5 named threads and 23 total threads with 3 sets of task threads.
LogStats: Stats thread started at 1.690732
LogICUInternationalization: ICU TimeZone Detection - Raw Offset: +1:00, Platform Override: ''
LogInit: Display: Loading text-based GConfig....
LogPluginManager: Mounting plugin MeshPainting
LogPluginManager: Mounting plugin XGEController
LogPluginManager: Mounting plugin AISupport
LogPluginManager: Mounting plugin Paper2D
LogPluginManager: Mounting plugin EnvironmentQueryEditor
LogPluginManager: Mounting plugin LiveLink
LogPluginManager: Mounting plugin LightPropagationVolume
LogPluginManager: Mounting plugin CameraShakePreviewer
LogPluginManager: Mounting plugin GameplayCameras
LogPluginManager: Mounting plugin OodleData
LogPluginManager: Mounting plugin OodleNetwork
LogPluginManager: Mounting plugin AnimationSharing
LogPluginManager: Mounting plugin CLionSourceCodeAccess
LogPluginManager: Mounting plugin CodeLiteSourceCodeAccess
LogPluginManager: Mounting plugin GitSourceControl
LogPluginManager: Mounting plugin KDevelopSourceCodeAccess
LogPluginManager: Mounting plugin NullSourceCodeAccess
LogPluginManager: Mounting plugin PerforceSourceControl
LogPluginManager: Mounting plugin PixWinPlugin
LogPluginManager: Mounting plugin PlasticSourceControl
LogPluginManager: Mounting plugin PluginUtils
LogPluginManager: Mounting plugin PropertyAccessNode
LogPluginManager: Mounting plugin RiderSourceCodeAccess
LogPluginManager: Mounting plugin SubversionSourceControl
LogPluginManager: Mounting plugin TextureFormatOodle
LogPluginManager: Mounting plugin UObjectPlugin
LogPluginManager: Mounting plugin VisualStudioCodeSourceCodeAccess
LogPluginManager: Mounting plugin XCodeSourceCodeAccess
LogPluginManager: Mounting plugin AssetManagerEditor
LogPluginManager: Mounting plugin CurveEditorTools
LogPluginManager: Mounting plugin DataValidation
LogPluginManager: Mounting plugin FacialAnimation
LogPluginManager: Mounting plugin GameplayTagsEditor
LogPluginManager: Mounting plugin CryptoKeys
LogPluginManager: Mounting plugin GeometryMode
LogPluginManager: Mounting plugin MacGraphicsSwitching
LogPluginManager: Mounting plugin MaterialAnalyzer
LogPluginManager: Mounting plugin MobileLauncherProfileWizard
LogPluginManager: Mounting plugin PluginBrowser
LogPluginManager: Mounting plugin SpeedTreeImporter
LogPluginManager: Mounting plugin DatasmithContent
LogPluginManager: Mounting plugin VariantManagerContent
LogPluginManager: Mounting plugin Niagara
LogPluginManager: Mounting plugin AlembicImporter
LogPluginManager: Mounting plugin AutomationUtils
LogPluginManager: Mounting plugin BackChannel
LogPluginManager: Mounting plugin ChaosCloth
LogPluginManager: Mounting plugin ChaosNiagara
LogPluginManager: Mounting plugin ChaosClothEditor
LogPluginManager: Mounting plugin ChaosSolverPlugin
LogPluginManager: Mounting plugin CharacterAI
LogPluginManager: Mounting plugin GeometryCache
LogPluginManager: Mounting plugin GeometryCollectionPlugin
LogPluginManager: Mounting plugin LuminPlatformFeatures
LogPluginManager: Mounting plugin MagicLeap
LogPluginManager: Mounting plugin MagicLeapMedia
LogPluginManager: Mounting plugin MagicLeapLightEstimation
LogPluginManager: Mounting plugin MagicLeapPassableWorld
LogPluginManager: Mounting plugin ChaosEditor
LogPluginManager: Mounting plugin VisualStudioSourceCodeAccess
LogPluginManager: Mounting plugin MLSDK
LogPluginManager: Mounting plugin MotoSynth
LogPluginManager: Mounting plugin GeometryProcessing
LogPluginManager: Mounting plugin PlatformCrypto
LogPluginManager: Mounting plugin OpenImageDenoise
LogPluginManager: Mounting plugin ProxyLODPlugin
LogPluginManager: Mounting plugin PlanarCut
LogPluginManager: Mounting plugin PythonScriptPlugin
LogPluginManager: Mounting plugin AndroidMedia
LogPluginManager: Mounting plugin AvfMedia
LogPluginManager: Mounting plugin SkeletalReduction
LogPluginManager: Mounting plugin ImgMedia
LogPluginManager: Mounting plugin MediaCompositing
LogPluginManager: Mounting plugin MediaPlayerEditor
LogPluginManager: Mounting plugin WebMMedia
LogPluginManager: Mounting plugin WmfMedia
LogPluginManager: Mounting plugin ActorSequence
LogPluginManager: Mounting plugin LevelSequenceEditor
LogPluginManager: Mounting plugin MatineeToLevelSequence
LogPluginManager: Mounting plugin TemplateSequence
LogPluginManager: Mounting plugin OnlineSubsystem
LogPluginManager: Mounting plugin OnlineSubsystemNull
LogPluginManager: Mounting plugin OnlineSubsystemUtils
LogPluginManager: Mounting plugin TcpMessaging
LogPluginManager: Mounting plugin UdpMessaging
LogPluginManager: Mounting plugin LauncherChunkInstaller
LogPluginManager: Mounting plugin ActorLayerUtilities
LogPluginManager: Mounting plugin AndroidDeviceProfileSelector
LogPluginManager: Mounting plugin AndroidPermission
LogPluginManager: Mounting plugin AndroidMoviePlayer
LogPluginManager: Mounting plugin AppleImageUtils
LogPluginManager: Mounting plugin AppleMoviePlayer
LogPluginManager: Mounting plugin ArchVisCharacter
LogPluginManager: Mounting plugin AssetTags
LogPluginManager: Mounting plugin AudioCapture
LogPluginManager: Mounting plugin AudioSynesthesia
LogPluginManager: Mounting plugin CableComponent
LogPluginManager: Mounting plugin ChunkDownloader
LogPluginManager: Mounting plugin CustomMeshComponent
LogPluginManager: Mounting plugin ExampleDeviceProfileSelector
LogPluginManager: Mounting plugin EditableMesh
LogPluginManager: Mounting plugin GoogleCloudMessaging
LogPluginManager: Mounting plugin GooglePAD
LogPluginManager: Mounting plugin IOSDeviceProfileSelector
LogPluginManager: Mounting plugin LinuxDeviceProfileSelector
LogPluginManager: Mounting plugin LocationServicesBPLibrary
LogPluginManager: Mounting plugin MobilePatchingUtils
LogPluginManager: Mounting plugin OpenXR
LogPluginManager: Mounting plugin ScreenshotTools
LogPluginManager: Mounting plugin OpenXREyeTracker
LogPluginManager: Mounting plugin OpenXRHandTracking
LogPluginManager: Mounting plugin PhysXVehicles
LogPluginManager: Mounting plugin PostSplashScreen
LogPluginManager: Mounting plugin ProceduralMeshComponent
LogPluginManager: Mounting plugin PropertyAccessEditor
LogPluginManager: Mounting plugin SignificanceManager
LogPluginManager: Mounting plugin SoundFields
LogPluginManager: Mounting plugin RuntimePhysXCooking
LogPluginManager: Mounting plugin Synthesis
LogPluginManager: Mounting plugin WebMMoviePlayer
LogPluginManager: Mounting plugin WindowsMoviePlayer
LogPluginManager: Mounting plugin Takes
LogPluginManager: Mounting plugin ContentBrowserAssetDataSource
LogPluginManager: Mounting plugin ContentBrowserClassDataSource
LogPluginManager: Mounting plugin ContentBrowserFileDataSource
LogPluginManager: Mounting plugin OnlineSubsystemGooglePlay
LogPluginManager: Mounting plugin OnlineSubsystemIOS
LogPluginManager: Mounting plugin OculusVR
LogPluginManager: Mounting plugin SteamVR
PixWinPlugin: PIX capture plugin failed to initialize! Check that the process is launched from PIX.
LogInit: Using libcurl 7.55.1-DEV
LogInit:  - built for x86_64-pc-win32
LogInit:  - supports SSL with OpenSSL/1.1.1
LogInit:  - supports HTTP deflate (compression) using libz 1.2.8
LogInit:  - other features:
LogInit:      CURL_VERSION_SSL
LogInit:      CURL_VERSION_LIBZ
LogInit:      CURL_VERSION_IPV6
LogInit:      CURL_VERSION_ASYNCHDNS
LogInit:      CURL_VERSION_LARGEFILE
LogInit:      CURL_VERSION_IDN
LogInit:  CurlRequestOptions (configurable via config and command line):
LogInit:  - bVerifyPeer = true  - Libcurl will verify peer certificate
LogInit:  - bUseHttpProxy = false  - Libcurl will NOT use HTTP proxy
LogInit:  - bDontReuseConnections = false  - Libcurl will reuse connections
LogInit:  - MaxHostConnections = 16  - Libcurl will limit the number of connections to a host
LogInit:  - LocalHostAddr = Default
LogInit:  - BufferSize = 65536
LogOnline: OSS: Creating online subsystem instance for: NULL
LogInit: WinSock: version 1.1 (2.2), MaxSocks=32767, MaxUdp=65467
LogOnline: OSS: TryLoadSubsystemAndSetDefault: Loaded subsystem for module [NULL]
LogOculusPluginWrapper: OculusPlugin initialized successfully
LogHMD: Failed initializing OVRPlugin 1.59.0
LogInit: Build: ++UE4+Release-4.27-CL-18319896
LogInit: Engine Version: 4.27.2-18319896+++UE4+Release-4.27
LogInit: Compatible Engine Version: 4.27.0-17155196+++UE4+Release-4.27
LogInit: Net CL: 17155196
LogInit: OS: Windows 10 (Release 2009) (), CPU: Intel(R) Core(TM) i7-7700HQ CPU @ 2.80GHz, GPU: Intel(R) HD Graphics 630
LogInit: Compiled (64-bit): Nov 30 2021 07:12:08
LogInit: Compiled with Visual C++: 19.24.28315.00
LogInit: Build Configuration: Development
LogInit: Branch Name: ++UE4+Release-4.27
LogInit: Command Line:  -skipcompile
LogInit: Base Directory: C:/Program Files/Epic Games/UE_4.27/Engine/Binaries/Win64/
LogInit: Allocator: TBB
LogInit: Installed Engine Build: 1
LogDevObjectVersion: Number of dev versions registered: 29
LogDevObjectVersion:   Dev-Blueprints (B0D832E4-1F89-4F0D-ACCF-7EB736FD4AA2): 10
LogDevObjectVersion:   Dev-Build (E1C64328-A22C-4D53-A36C-8E866417BD8C): 0
LogDevObjectVersion:   Dev-Core (375EC13C-06E4-48FB-B500-84F0262A717E): 4
LogDevObjectVersion:   Dev-Editor (E4B068ED-F494-42E9-A231-DA0B2E46BB41): 40
LogDevObjectVersion:   Dev-Framework (CFFC743F-43B0-4480-9391-14DF171D2073): 37
LogDevObjectVersion:   Dev-Mobile (B02B49B5-BB20-44E9-A304-32B752E40360): 3
LogDevObjectVersion:   Dev-Networking (A4E4105C-59A1-49B5-A7C5-40C4547EDFEE): 0
LogDevObjectVersion:   Dev-Online (39C831C9-5AE6-47DC-9A44-9C173E1C8E7C): 0
LogDevObjectVersion:   Dev-Physics (78F01B33-EBEA-4F98-B9B4-84EACCB95AA2): 14
LogDevObjectVersion:   Dev-Platform (6631380F-2D4D-43E0-8009-CF276956A95A): 0
LogDevObjectVersion:   Dev-Rendering (12F88B9F-8875-4AFC-A67C-D90C383ABD29): 45
LogDevObjectVersion:   Dev-Sequencer (7B5AE74C-D270-4C10-A958-57980B212A5A): 13
LogDevObjectVersion:   Dev-VR (D7296918-1DD6-4BDD-9DE2-64A83CC13884): 3
LogDevObjectVersion:   Dev-LoadTimes (C2A15278-BFE7-4AFE-6C17-90FF531DF755): 1
LogDevObjectVersion:   Private-Geometry (6EACA3D4-40EC-4CC1-B786-8BED09428FC5): 3
LogDevObjectVersion:   Dev-AnimPhys (29E575DD-E0A3-4627-9D10-D276232CDCEA): 17
LogDevObjectVersion:   Dev-Anim (AF43A65D-7FD3-4947-9873-3E8ED9C1BB05): 15
LogDevObjectVersion:   Dev-ReflectionCapture (6B266CEC-1EC7-4B8F-A30B-E4D90942FC07): 1
LogDevObjectVersion:   Dev-Automation (0DF73D61-A23F-47EA-B727-89E90C41499A): 1
LogDevObjectVersion:   FortniteMain (601D1886-AC64-4F84-AA16-D3DE0DEAC7D6): 47
LogDevObjectVersion:   FortniteRelease (E7086368-6B23-4C58-8439-1B7016265E91): 1
LogDevObjectVersion:   Dev-Enterprise (9DFFBCD6-494F-0158-E221-12823C92A888): 10
LogDevObjectVersion:   Dev-Niagara (F2AED0AC-9AFE-416F-8664-AA7FFA26D6FC): 1
LogDevObjectVersion:   Dev-Destruction (174F1F0B-B4C6-45A5-B13F-2EE8D0FB917D): 10
LogDevObjectVersion:   Dev-Physics-Ext (35F94A83-E258-406C-A318-09F59610247C): 41
LogDevObjectVersion:   Dev-PhysicsMaterial-Chaos (B68FC16E-8B1B-42E2-B453-215C058844FE): 1
LogDevObjectVersion:   Dev-CineCamera (B2E18506-4273-CFC2-A54E-F4BB758BBA07): 1
LogDevObjectVersion:   Dev-VirtualProduction (64F58936-FD1B-42BA-BA96-7289D5D0FA4E): 1
LogDevObjectVersion:   Dev-MediaFramework (6F0ED827-A609-4895-9C91-998D90180EA4): 2
LogInit: Presizing for max 25165824 objects, including 0 objects not considered by GC, pre-allocating 0 bytes for permanent pool.
LogConfig: Applying CVar settings from Section [/Script/Engine.StreamingSettings] File [D:/git/MediaEngineering/Saved/Config/Windows/Engine.ini]
LogConfig: Setting CVar [[s.MinBulkDataSizeForAsyncLoading:131072]]
LogConfig: Setting CVar [[s.AsyncLoadingThreadEnabled:0]]
LogConfig: Setting CVar [[s.EventDrivenLoaderEnabled:1]]
LogConfig: Setting CVar [[s.WarnIfTimeLimitExceeded:0]]
LogConfig: Setting CVar [[s.TimeLimitExceededMultiplier:1.5]]
LogConfig: Setting CVar [[s.TimeLimitExceededMinTime:0.005]]
LogConfig: Setting CVar [[s.UseBackgroundLevelStreaming:1]]
LogConfig: Setting CVar [[s.PriorityAsyncLoadingExtraTime:15.0]]
LogConfig: Setting CVar [[s.LevelStreamingActorsUpdateTimeLimit:5.0]]
LogConfig: Setting CVar [[s.PriorityLevelStreamingActorsUpdateExtraTime:5.0]]
LogConfig: Setting CVar [[s.LevelStreamingComponentsRegistrationGranularity:10]]
LogConfig: Setting CVar [[s.UnregisterComponentsTimeLimit:1.0]]
LogConfig: Setting CVar [[s.LevelStreamingComponentsUnregistrationGranularity:5]]
LogConfig: Setting CVar [[s.FlushStreamingOnExit:1]]
LogInit: Object subsystem initialized
LogConfig: Setting CVar [[con.DebugEarlyDefault:1]]
LogConfig: Setting CVar [[r.setres:1280x720]]
[2022.02.02-19.48.27:810][  0]LogConfig: Setting CVar [[r.VSync:0]]
[2022.02.02-19.48.27:810][  0]LogConfig: Setting CVar [[r.RHICmdBypass:0]]
[2022.02.02-19.48.27:810][  0]LogConfig: Applying CVar settings from Section [/Script/Engine.RendererSettings] File [D:/git/MediaEngineering/Saved/Config/Windows/Engine.ini]
[2022.02.02-19.48.27:811][  0]LogConfig: Setting CVar [[r.GPUCrashDebugging:0]]
[2022.02.02-19.48.27:811][  0]LogConfig: Applying CVar settings from Section [/Script/Engine.RendererOverrideSettings] File [D:/git/MediaEngineering/Saved/Config/Windows/Engine.ini]
[2022.02.02-19.48.27:811][  0]LogConfig: Applying CVar settings from Section [/Script/Engine.StreamingSettings] File [D:/git/MediaEngineering/Saved/Config/Windows/Engine.ini]
[2022.02.02-19.48.27:811][  0]LogConfig: Setting CVar [[s.MinBulkDataSizeForAsyncLoading:131072]]
[2022.02.02-19.48.27:811][  0]LogConfig: Setting CVar [[s.AsyncLoadingThreadEnabled:0]]
[2022.02.02-19.48.27:811][  0]LogConfig: Setting CVar [[s.EventDrivenLoaderEnabled:1]]
[2022.02.02-19.48.27:811][  0]LogConfig: Setting CVar [[s.WarnIfTimeLimitExceeded:0]]
[2022.02.02-19.48.27:811][  0]LogConfig: Setting CVar [[s.TimeLimitExceededMultiplier:1.5]]
[2022.02.02-19.48.27:811][  0]LogConfig: Setting CVar [[s.TimeLimitExceededMinTime:0.005]]
[2022.02.02-19.48.27:812][  0]LogConfig: Setting CVar [[s.UseBackgroundLevelStreaming:1]]
[2022.02.02-19.48.27:812][  0]LogConfig: Setting CVar [[s.PriorityAsyncLoadingExtraTime:15.0]]
[2022.02.02-19.48.27:812][  0]LogConfig: Setting CVar [[s.LevelStreamingActorsUpdateTimeLimit:5.0]]
[2022.02.02-19.48.27:812][  0]LogConfig: Setting CVar [[s.PriorityLevelStreamingActorsUpdateExtraTime:5.0]]
[2022.02.02-19.48.27:812][  0]LogConfig: Setting CVar [[s.LevelStreamingComponentsRegistrationGranularity:10]]
[2022.02.02-19.48.27:812][  0]LogConfig: Setting CVar [[s.UnregisterComponentsTimeLimit:1.0]]
[2022.02.02-19.48.27:812][  0]LogConfig: Setting CVar [[s.LevelStreamingComponentsUnregistrationGranularity:5]]
[2022.02.02-19.48.27:812][  0]LogConfig: Setting CVar [[s.FlushStreamingOnExit:1]]
[2022.02.02-19.48.27:812][  0]LogConfig: Applying CVar settings from Section [/Script/Engine.GarbageCollectionSettings] File [D:/git/MediaEngineering/Saved/Config/Windows/Engine.ini]
[2022.02.02-19.48.27:812][  0]LogConfig: Setting CVar [[gc.MaxObjectsNotConsideredByGC:1]]
[2022.02.02-19.48.27:812][  0]LogConfig: Setting CVar [[gc.SizeOfPermanentObjectPool:0]]
[2022.02.02-19.48.27:813][  0]LogConfig: Setting CVar [[gc.FlushStreamingOnGC:0]]
[2022.02.02-19.48.27:813][  0]LogConfig: Setting CVar [[gc.NumRetriesBeforeForcingGC:10]]
[2022.02.02-19.48.27:813][  0]LogConfig: Setting CVar [[gc.AllowParallelGC:1]]
[2022.02.02-19.48.27:813][  0]LogConfig: Setting CVar [[gc.TimeBetweenPurgingPendingKillObjects:61.1]]
[2022.02.02-19.48.27:813][  0]LogConfig: Setting CVar [[gc.MaxObjectsInEditor:25165824]]
[2022.02.02-19.48.27:813][  0]LogConfig: Setting CVar [[gc.IncrementalBeginDestroyEnabled:1]]
[2022.02.02-19.48.27:813][  0]LogConfig: Setting CVar [[gc.CreateGCClusters:1]]
[2022.02.02-19.48.27:813][  0]LogConfig: Setting CVar [[gc.MinGCClusterSize:5]]
[2022.02.02-19.48.27:813][  0]LogConfig: Setting CVar [[gc.ActorClusteringEnabled:0]]
[2022.02.02-19.48.27:813][  0]LogConfig: Setting CVar [[gc.BlueprintClusteringEnabled:0]]
[2022.02.02-19.48.27:813][  0]LogConfig: Setting CVar [[gc.UseDisregardForGCOnDedicatedServers:0]]
[2022.02.02-19.48.27:814][  0]LogConfig: Setting CVar [[gc.MultithreadedDestructionEnabled:1]]
[2022.02.02-19.48.27:814][  0]LogConfig: Applying CVar settings from Section [/Script/Engine.NetworkSettings] File [D:/git/MediaEngineering/Saved/Config/Windows/Engine.ini]
[2022.02.02-19.48.27:814][  0]LogConfig: Applying CVar settings from Section [/Script/UnrealEd.CookerSettings] File [D:/git/MediaEngineering/Saved/Config/Windows/Engine.ini]
[2022.02.02-19.48.27:896][  0]LogConfig: Applying CVar settings from Section [ViewDistanceQuality@3] File [D:/git/MediaEngineering/Saved/Config/Windows/Scalability.ini]
[2022.02.02-19.48.27:896][  0]LogConfig: Setting CVar [[r.SkeletalMeshLODBias:0]]
[2022.02.02-19.48.27:896][  0]LogConfig: Setting CVar [[r.ViewDistanceScale:1.0]]
[2022.02.02-19.48.27:896][  0]LogConfig: Applying CVar settings from Section [AntiAliasingQuality@3] File [D:/git/MediaEngineering/Saved/Config/Windows/Scalability.ini]
[2022.02.02-19.48.27:896][  0]LogConfig: Setting CVar [[r.PostProcessAAQuality:4]]
[2022.02.02-19.48.27:896][  0]LogConfig: Applying CVar settings from Section [ShadowQuality@3] File [D:/git/MediaEngineering/Saved/Config/Windows/Scalability.ini]
[2022.02.02-19.48.27:896][  0]LogConfig: Setting CVar [[r.LightFunctionQuality:1]]
[2022.02.02-19.48.27:896][  0]LogConfig: Setting CVar [[r.ShadowQuality:5]]
[2022.02.02-19.48.27:896][  0]LogConfig: Setting CVar [[r.Shadow.CSM.MaxCascades:10]]
[2022.02.02-19.48.27:897][  0]LogConfig: Setting CVar [[r.Shadow.MaxResolution:2048]]
[2022.02.02-19.48.27:897][  0]LogConfig: Setting CVar [[r.Shadow.MaxCSMResolution:2048]]
[2022.02.02-19.48.27:897][  0]LogConfig: Setting CVar [[r.Shadow.RadiusThreshold:0.01]]
[2022.02.02-19.48.27:897][  0]LogConfig: Setting CVar [[r.Shadow.DistanceScale:1.0]]
[2022.02.02-19.48.27:897][  0]LogConfig: Setting CVar [[r.Shadow.CSM.TransitionScale:1.0]]
[2022.02.02-19.48.27:897][  0]LogConfig: Setting CVar [[r.Shadow.PreShadowResolutionFactor:1.0]]
[2022.02.02-19.48.27:897][  0]LogConfig: Setting CVar [[r.DistanceFieldShadowing:1]]
[2022.02.02-19.48.27:897][  0]LogConfig: Setting CVar [[r.DistanceFieldAO:1]]
[2022.02.02-19.48.27:897][  0]LogConfig: Setting CVar [[r.AOQuality:2]]
[2022.02.02-19.48.27:897][  0]LogConfig: Setting CVar [[r.VolumetricFog:1]]
[2022.02.02-19.48.27:898][  0]LogConfig: Setting CVar [[r.VolumetricFog.GridPixelSize:8]]
[2022.02.02-19.48.27:898][  0]LogConfig: Setting CVar [[r.VolumetricFog.GridSizeZ:128]]
[2022.02.02-19.48.27:898][  0]LogConfig: Setting CVar [[r.VolumetricFog.HistoryMissSupersampleCount:4]]
[2022.02.02-19.48.27:898][  0]LogConfig: Setting CVar [[r.LightMaxDrawDistanceScale:1]]
[2022.02.02-19.48.27:898][  0]LogConfig: Setting CVar [[r.CapsuleShadows:1]]
[2022.02.02-19.48.27:899][  0]LogConfig: Applying CVar settings from Section [PostProcessQuality@3] File [D:/git/MediaEngineering/Saved/Config/Windows/Scalability.ini]
[2022.02.02-19.48.27:899][  0]LogConfig: Setting CVar [[r.MotionBlurQuality:4]]
[2022.02.02-19.48.27:899][  0]LogConfig: Setting CVar [[r.AmbientOcclusionMipLevelFactor:0.4]]
[2022.02.02-19.48.27:899][  0]LogConfig: Setting CVar [[r.AmbientOcclusionMaxQuality:100]]
[2022.02.02-19.48.27:899][  0]LogConfig: Setting CVar [[r.AmbientOcclusionLevels:-1]]
[2022.02.02-19.48.27:899][  0]LogConfig: Setting CVar [[r.AmbientOcclusionRadiusScale:1.0]]
[2022.02.02-19.48.27:899][  0]LogConfig: Setting CVar [[r.DepthOfFieldQuality:2]]
[2022.02.02-19.48.27:899][  0]LogConfig: Setting CVar [[r.RenderTargetPoolMin:400]]
[2022.02.02-19.48.27:900][  0]LogConfig: Setting CVar [[r.LensFlareQuality:2]]
[2022.02.02-19.48.27:901][  0]LogConfig: Setting CVar [[r.SceneColorFringeQuality:1]]
[2022.02.02-19.48.27:901][  0]LogConfig: Setting CVar [[r.EyeAdaptationQuality:2]]
[2022.02.02-19.48.27:902][  0]LogConfig: Setting CVar [[r.BloomQuality:5]]
[2022.02.02-19.48.27:902][  0]LogConfig: Setting CVar [[r.FastBlurThreshold:100]]
[2022.02.02-19.48.27:902][  0]LogConfig: Setting CVar [[r.Upscale.Quality:3]]
[2022.02.02-19.48.27:902][  0]LogConfig: Setting CVar [[r.Tonemapper.GrainQuantization:1]]
[2022.02.02-19.48.27:903][  0]LogConfig: Setting CVar [[r.LightShaftQuality:1]]
[2022.02.02-19.48.27:903][  0]LogConfig: Setting CVar [[r.Filter.SizeScale:1]]
[2022.02.02-19.48.27:903][  0]LogConfig: Setting CVar [[r.Tonemapper.Quality:5]]
[2022.02.02-19.48.27:903][  0]LogConfig: Setting CVar [[r.DOF.Gather.AccumulatorQuality:1        ; higher gathering accumulator quality]]
[2022.02.02-19.48.27:903][  0]LogConfig: Setting CVar [[r.DOF.Gather.PostfilterMethod:1          ; Median3x3 postfilering method]]
[2022.02.02-19.48.27:904][  0]LogConfig: Setting CVar [[r.DOF.Gather.EnableBokehSettings:0       ; no bokeh simulation when gathering]]
[2022.02.02-19.48.27:904][  0]LogConfig: Setting CVar [[r.DOF.Gather.RingCount:4                 ; medium number of samples when gathering]]
[2022.02.02-19.48.27:905][  0]LogConfig: Setting CVar [[r.DOF.Scatter.ForegroundCompositing:1    ; additive foreground scattering]]
[2022.02.02-19.48.27:905][  0]LogConfig: Setting CVar [[r.DOF.Scatter.BackgroundCompositing:2    ; additive background scattering]]
[2022.02.02-19.48.27:905][  0]LogConfig: Setting CVar [[r.DOF.Scatter.EnableBokehSettings:1      ; bokeh simulation when scattering]]
[2022.02.02-19.48.27:905][  0]LogConfig: Setting CVar [[r.DOF.Scatter.MaxSpriteRatio:0.1         ; only a maximum of 10% of scattered bokeh]]
[2022.02.02-19.48.27:905][  0]LogConfig: Setting CVar [[r.DOF.Recombine.Quality:1                ; cheap slight out of focus]]
[2022.02.02-19.48.27:905][  0]LogConfig: Setting CVar [[r.DOF.Recombine.EnableBokehSettings:0    ; no bokeh simulation on slight out of focus]]
[2022.02.02-19.48.27:905][  0]LogConfig: Setting CVar [[r.DOF.TemporalAAQuality:1                ; more stable temporal accumulation]]
[2022.02.02-19.48.27:905][  0]LogConfig: Setting CVar [[r.DOF.Kernel.MaxForegroundRadius:0.025]]
[2022.02.02-19.48.27:905][  0]LogConfig: Setting CVar [[r.DOF.Kernel.MaxBackgroundRadius:0.025]]
[2022.02.02-19.48.27:905][  0]LogConfig: Applying CVar settings from Section [TextureQuality@3] File [D:/git/MediaEngineering/Saved/Config/Windows/Scalability.ini]
[2022.02.02-19.48.27:906][  0]LogConfig: Setting CVar [[r.Streaming.MipBias:0]]
[2022.02.02-19.48.27:906][  0]LogConfig: Setting CVar [[r.Streaming.AmortizeCPUToGPUCopy:0]]
[2022.02.02-19.48.27:906][  0]LogConfig: Setting CVar [[r.Streaming.MaxNumTexturesToStreamPerFrame:0]]
[2022.02.02-19.48.27:906][  0]LogConfig: Setting CVar [[r.Streaming.Boost:1]]
[2022.02.02-19.48.27:906][  0]LogConfig: Setting CVar [[r.MaxAnisotropy:8]]
[2022.02.02-19.48.27:906][  0]LogConfig: Setting CVar [[r.VT.MaxAnisotropy:8]]
[2022.02.02-19.48.27:906][  0]LogConfig: Setting CVar [[r.Streaming.LimitPoolSizeToVRAM:0]]
[2022.02.02-19.48.27:906][  0]LogConfig: Setting CVar [[r.Streaming.PoolSize:1000]]
[2022.02.02-19.48.27:906][  0]LogConfig: Setting CVar [[r.Streaming.MaxEffectiveScreenSize:0]]
[2022.02.02-19.48.27:906][  0]LogConfig: Applying CVar settings from Section [EffectsQuality@3] File [D:/git/MediaEngineering/Saved/Config/Windows/Scalability.ini]
[2022.02.02-19.48.27:906][  0]LogConfig: Setting CVar [[r.TranslucencyLightingVolumeDim:64]]
[2022.02.02-19.48.27:906][  0]LogConfig: Setting CVar [[r.RefractionQuality:2]]
[2022.02.02-19.48.27:906][  0]LogConfig: Setting CVar [[r.SSR.Quality:3]]
[2022.02.02-19.48.27:907][  0]LogConfig: Setting CVar [[r.SSR.HalfResSceneColor:0]]
[2022.02.02-19.48.27:909][  0]LogConfig: Setting CVar [[r.SceneColorFormat:4]]
[2022.02.02-19.48.27:909][  0]LogConfig: Setting CVar [[r.DetailMode:2]]
[2022.02.02-19.48.27:910][  0]LogConfig: Setting CVar [[r.TranslucencyVolumeBlur:1]]
[2022.02.02-19.48.27:910][  0]LogConfig: Setting CVar [[r.MaterialQualityLevel:1 ; High quality]]
[2022.02.02-19.48.27:910][  0]LogConfig: Setting CVar [[r.AnisotropicMaterials:1]]
[2022.02.02-19.48.27:910][  0]LogConfig: Setting CVar [[r.SSS.Scale:1]]
[2022.02.02-19.48.27:910][  0]LogConfig: Setting CVar [[r.SSS.SampleSet:2]]
[2022.02.02-19.48.27:910][  0]LogConfig: Setting CVar [[r.SSS.Quality:1]]
[2022.02.02-19.48.27:910][  0]LogConfig: Setting CVar [[r.SSS.HalfRes:0]]
[2022.02.02-19.48.27:911][  0]LogConfig: Setting CVar [[r.SSGI.Quality:3]]
[2022.02.02-19.48.27:911][  0]LogConfig: Setting CVar [[r.EmitterSpawnRateScale:1.0]]
[2022.02.02-19.48.27:911][  0]LogConfig: Setting CVar [[r.ParticleLightQuality:2]]
[2022.02.02-19.48.27:911][  0]LogConfig: Setting CVar [[r.SkyAtmosphere.AerialPerspectiveLUT.FastApplyOnOpaque:1 ; Always have FastSkyLUT 1 in this case to avoid wrong sky]]
[2022.02.02-19.48.27:911][  0]LogConfig: Setting CVar [[r.SkyAtmosphere.AerialPerspectiveLUT.SampleCountMaxPerSlice:4]]
[2022.02.02-19.48.27:911][  0]LogConfig: Setting CVar [[r.SkyAtmosphere.AerialPerspectiveLUT.DepthResolution:16.0]]
[2022.02.02-19.48.27:911][  0]LogConfig: Setting CVar [[r.SkyAtmosphere.FastSkyLUT:1]]
[2022.02.02-19.48.27:911][  0]LogConfig: Setting CVar [[r.SkyAtmosphere.FastSkyLUT.SampleCountMin:4.0]]
[2022.02.02-19.48.27:911][  0]LogConfig: Setting CVar [[r.SkyAtmosphere.FastSkyLUT.SampleCountMax:128.0]]
[2022.02.02-19.48.27:912][  0]LogConfig: Setting CVar [[r.SkyAtmosphere.SampleCountMin:4.0]]
[2022.02.02-19.48.27:912][  0]LogConfig: Setting CVar [[r.SkyAtmosphere.SampleCountMax:128.0]]
[2022.02.02-19.48.27:912][  0]LogConfig: Setting CVar [[r.SkyAtmosphere.TransmittanceLUT.UseSmallFormat:0]]
[2022.02.02-19.48.27:912][  0]LogConfig: Setting CVar [[r.SkyAtmosphere.TransmittanceLUT.SampleCount:10.0]]
[2022.02.02-19.48.27:912][  0]LogConfig: Setting CVar [[r.SkyAtmosphere.MultiScatteringLUT.SampleCount:15.0]]
[2022.02.02-19.48.27:912][  0]LogConfig: Setting CVar [[r.SkyLight.RealTimeReflectionCapture:1]]
[2022.02.02-19.48.27:912][  0]LogConfig: Applying CVar settings from Section [FoliageQuality@3] File [D:/git/MediaEngineering/Saved/Config/Windows/Scalability.ini]
[2022.02.02-19.48.27:912][  0]LogConfig: Setting CVar [[foliage.DensityScale:1.0]]
[2022.02.02-19.48.27:912][  0]LogConfig: Setting CVar [[grass.DensityScale:1.0]]
[2022.02.02-19.48.27:912][  0]LogConfig: Applying CVar settings from Section [ShadingQuality@3] File [D:/git/MediaEngineering/Saved/Config/Windows/Scalability.ini]
[2022.02.02-19.48.27:912][  0]LogConfig: Setting CVar [[r.HairStrands.SkyLighting.IntegrationType:2]]
[2022.02.02-19.48.27:912][  0]LogConfig: Setting CVar [[r.HairStrands.SkyAO.SampleCount:4]]
[2022.02.02-19.48.27:913][  0]LogConfig: Setting CVar [[r.HairStrands.Visibility.MSAA.SamplePerPixel:4]]
[2022.02.02-19.48.27:913][  0]LogInit: Selected Device Profile: [Windows]
[2022.02.02-19.48.27:913][  0]LogInit: Applying CVar settings loaded from the selected device profile: [Windows]
[2022.02.02-19.48.27:913][  0]LogHAL: Display: Platform has ~ 16 GB [17057812480 / 17179869184 / 16], which maps to Larger [LargestMinGB=32, LargerMinGB=12, DefaultMinGB=8, SmallerMinGB=6, SmallestMinGB=0)
[2022.02.02-19.48.27:913][  0]LogInit: Going up to parent DeviceProfile []
[2022.02.02-19.48.27:913][  0]LogConfig: Applying CVar settings from Section [ViewDistanceQuality@3] File [D:/git/MediaEngineering/Saved/Config/Windows/Scalability.ini]
[2022.02.02-19.48.27:914][  0]LogConfig: Setting CVar [[r.SkeletalMeshLODBias:0]]
[2022.02.02-19.48.27:914][  0]LogConfig: Setting CVar [[r.ViewDistanceScale:1.0]]
[2022.02.02-19.48.27:914][  0]LogConfig: Applying CVar settings from Section [AntiAliasingQuality@3] File [D:/git/MediaEngineering/Saved/Config/Windows/Scalability.ini]
[2022.02.02-19.48.27:914][  0]LogConfig: Setting CVar [[r.PostProcessAAQuality:4]]
[2022.02.02-19.48.27:914][  0]LogConfig: Applying CVar settings from Section [ShadowQuality@3] File [D:/git/MediaEngineering/Saved/Config/Windows/Scalability.ini]
[2022.02.02-19.48.27:914][  0]LogConfig: Setting CVar [[r.LightFunctionQuality:1]]
[2022.02.02-19.48.27:915][  0]LogConfig: Setting CVar [[r.ShadowQuality:5]]
[2022.02.02-19.48.27:915][  0]LogConfig: Setting CVar [[r.Shadow.CSM.MaxCascades:10]]
[2022.02.02-19.48.27:915][  0]LogConfig: Setting CVar [[r.Shadow.MaxResolution:2048]]
[2022.02.02-19.48.27:915][  0]LogConfig: Setting CVar [[r.Shadow.MaxCSMResolution:2048]]
[2022.02.02-19.48.27:915][  0]LogConfig: Setting CVar [[r.Shadow.RadiusThreshold:0.01]]
[2022.02.02-19.48.27:915][  0]LogConfig: Setting CVar [[r.Shadow.DistanceScale:1.0]]
[2022.02.02-19.48.27:915][  0]LogConfig: Setting CVar [[r.Shadow.CSM.TransitionScale:1.0]]
[2022.02.02-19.48.27:915][  0]LogConfig: Setting CVar [[r.Shadow.PreShadowResolutionFactor:1.0]]
[2022.02.02-19.48.27:916][  0]LogConfig: Setting CVar [[r.DistanceFieldShadowing:1]]
[2022.02.02-19.48.27:916][  0]LogConfig: Setting CVar [[r.DistanceFieldAO:1]]
[2022.02.02-19.48.27:916][  0]LogConfig: Setting CVar [[r.AOQuality:2]]
[2022.02.02-19.48.27:916][  0]LogConfig: Setting CVar [[r.VolumetricFog:1]]
[2022.02.02-19.48.27:916][  0]LogConfig: Setting CVar [[r.VolumetricFog.GridPixelSize:8]]
[2022.02.02-19.48.27:916][  0]LogConfig: Setting CVar [[r.VolumetricFog.GridSizeZ:128]]
[2022.02.02-19.48.27:916][  0]LogConfig: Setting CVar [[r.VolumetricFog.HistoryMissSupersampleCount:4]]
[2022.02.02-19.48.27:916][  0]LogConfig: Setting CVar [[r.LightMaxDrawDistanceScale:1]]
[2022.02.02-19.48.27:916][  0]LogConfig: Setting CVar [[r.CapsuleShadows:1]]
[2022.02.02-19.48.27:916][  0]LogConfig: Applying CVar settings from Section [PostProcessQuality@3] File [D:/git/MediaEngineering/Saved/Config/Windows/Scalability.ini]
[2022.02.02-19.48.27:916][  0]LogConfig: Setting CVar [[r.MotionBlurQuality:4]]
[2022.02.02-19.48.27:916][  0]LogConfig: Setting CVar [[r.AmbientOcclusionMipLevelFactor:0.4]]
[2022.02.02-19.48.27:916][  0]LogConfig: Setting CVar [[r.AmbientOcclusionMaxQuality:100]]
[2022.02.02-19.48.27:917][  0]LogConfig: Setting CVar [[r.AmbientOcclusionLevels:-1]]
[2022.02.02-19.48.27:917][  0]LogConfig: Setting CVar [[r.AmbientOcclusionRadiusScale:1.0]]
[2022.02.02-19.48.27:917][  0]LogConfig: Setting CVar [[r.DepthOfFieldQuality:2]]
[2022.02.02-19.48.27:917][  0]LogConfig: Setting CVar [[r.RenderTargetPoolMin:400]]
[2022.02.02-19.48.27:917][  0]LogConfig: Setting CVar [[r.LensFlareQuality:2]]
[2022.02.02-19.48.27:917][  0]LogConfig: Setting CVar [[r.SceneColorFringeQuality:1]]
[2022.02.02-19.48.27:918][  0]LogConfig: Setting CVar [[r.EyeAdaptationQuality:2]]
[2022.02.02-19.48.27:918][  0]LogConfig: Setting CVar [[r.BloomQuality:5]]
[2022.02.02-19.48.27:919][  0]LogConfig: Setting CVar [[r.FastBlurThreshold:100]]
[2022.02.02-19.48.27:919][  0]LogConfig: Setting CVar [[r.Upscale.Quality:3]]
[2022.02.02-19.48.27:920][  0]LogConfig: Setting CVar [[r.Tonemapper.GrainQuantization:1]]
[2022.02.02-19.48.27:920][  0]LogConfig: Setting CVar [[r.LightShaftQuality:1]]
[2022.02.02-19.48.27:920][  0]LogConfig: Setting CVar [[r.Filter.SizeScale:1]]
[2022.02.02-19.48.27:920][  0]LogConfig: Setting CVar [[r.Tonemapper.Quality:5]]
[2022.02.02-19.48.27:920][  0]LogConfig: Setting CVar [[r.DOF.Gather.AccumulatorQuality:1        ; higher gathering accumulator quality]]
[2022.02.02-19.48.27:920][  0]LogConfig: Setting CVar [[r.DOF.Gather.PostfilterMethod:1          ; Median3x3 postfilering method]]
[2022.02.02-19.48.27:920][  0]LogConfig: Setting CVar [[r.DOF.Gather.EnableBokehSettings:0       ; no bokeh simulation when gathering]]
[2022.02.02-19.48.27:920][  0]LogConfig: Setting CVar [[r.DOF.Gather.RingCount:4                 ; medium number of samples when gathering]]
[2022.02.02-19.48.27:921][  0]LogConfig: Setting CVar [[r.DOF.Scatter.ForegroundCompositing:1    ; additive foreground scattering]]
[2022.02.02-19.48.27:921][  0]LogConfig: Setting CVar [[r.DOF.Scatter.BackgroundCompositing:2    ; additive background scattering]]
[2022.02.02-19.48.27:921][  0]LogConfig: Setting CVar [[r.DOF.Scatter.EnableBokehSettings:1      ; bokeh simulation when scattering]]
[2022.02.02-19.48.27:921][  0]LogConfig: Setting CVar [[r.DOF.Scatter.MaxSpriteRatio:0.1         ; only a maximum of 10% of scattered bokeh]]
[2022.02.02-19.48.27:921][  0]LogConfig: Setting CVar [[r.DOF.Recombine.Quality:1                ; cheap slight out of focus]]
[2022.02.02-19.48.27:922][  0]LogConfig: Setting CVar [[r.DOF.Recombine.EnableBokehSettings:0    ; no bokeh simulation on slight out of focus]]
[2022.02.02-19.48.27:923][  0]LogConfig: Setting CVar [[r.DOF.TemporalAAQuality:1                ; more stable temporal accumulation]]
[2022.02.02-19.48.27:923][  0]LogConfig: Setting CVar [[r.DOF.Kernel.MaxForegroundRadius:0.025]]
[2022.02.02-19.48.27:923][  0]LogConfig: Setting CVar [[r.DOF.Kernel.MaxBackgroundRadius:0.025]]
[2022.02.02-19.48.27:923][  0]LogConfig: Applying CVar settings from Section [TextureQuality@3] File [D:/git/MediaEngineering/Saved/Config/Windows/Scalability.ini]
[2022.02.02-19.48.27:923][  0]LogConfig: Setting CVar [[r.Streaming.MipBias:0]]
[2022.02.02-19.48.27:923][  0]LogConfig: Setting CVar [[r.Streaming.AmortizeCPUToGPUCopy:0]]
[2022.02.02-19.48.27:924][  0]LogConfig: Setting CVar [[r.Streaming.MaxNumTexturesToStreamPerFrame:0]]
[2022.02.02-19.48.27:926][  0]LogConfig: Setting CVar [[r.Streaming.Boost:1]]
[2022.02.02-19.48.27:926][  0]LogConfig: Setting CVar [[r.MaxAnisotropy:8]]
[2022.02.02-19.48.27:926][  0]LogConfig: Setting CVar [[r.VT.MaxAnisotropy:8]]
[2022.02.02-19.48.27:926][  0]LogConfig: Setting CVar [[r.Streaming.LimitPoolSizeToVRAM:0]]
[2022.02.02-19.48.27:926][  0]LogConfig: Setting CVar [[r.Streaming.PoolSize:1000]]
[2022.02.02-19.48.27:927][  0]LogConfig: Setting CVar [[r.Streaming.MaxEffectiveScreenSize:0]]
[2022.02.02-19.48.27:927][  0]LogConfig: Applying CVar settings from Section [EffectsQuality@3] File [D:/git/MediaEngineering/Saved/Config/Windows/Scalability.ini]
[2022.02.02-19.48.27:928][  0]LogConfig: Setting CVar [[r.TranslucencyLightingVolumeDim:64]]
[2022.02.02-19.48.27:929][  0]LogConfig: Setting CVar [[r.RefractionQuality:2]]
[2022.02.02-19.48.27:929][  0]LogConfig: Setting CVar [[r.SSR.Quality:3]]
[2022.02.02-19.48.27:929][  0]LogConfig: Setting CVar [[r.SSR.HalfResSceneColor:0]]
[2022.02.02-19.48.27:932][  0]LogConfig: Setting CVar [[r.SceneColorFormat:4]]
[2022.02.02-19.48.27:945][  0]LogConfig: Setting CVar [[r.DetailMode:2]]
[2022.02.02-19.48.27:956][  0]LogConfig: Setting CVar [[r.TranslucencyVolumeBlur:1]]
[2022.02.02-19.48.27:957][  0]LogConfig: Setting CVar [[r.MaterialQualityLevel:1 ; High quality]]
[2022.02.02-19.48.27:957][  0]LogConfig: Setting CVar [[r.AnisotropicMaterials:1]]
[2022.02.02-19.48.27:957][  0]LogConfig: Setting CVar [[r.SSS.Scale:1]]
[2022.02.02-19.48.27:959][  0]LogConfig: Setting CVar [[r.SSS.SampleSet:2]]
[2022.02.02-19.48.27:960][  0]LogConfig: Setting CVar [[r.SSS.Quality:1]]
[2022.02.02-19.48.27:960][  0]LogConfig: Setting CVar [[r.SSS.HalfRes:0]]
[2022.02.02-19.48.27:960][  0]LogConfig: Setting CVar [[r.SSGI.Quality:3]]
[2022.02.02-19.48.27:960][  0]LogConfig: Setting CVar [[r.EmitterSpawnRateScale:1.0]]
[2022.02.02-19.48.27:962][  0]LogConfig: Setting CVar [[r.ParticleLightQuality:2]]
[2022.02.02-19.48.27:963][  0]LogConfig: Setting CVar [[r.SkyAtmosphere.AerialPerspectiveLUT.FastApplyOnOpaque:1 ; Always have FastSkyLUT 1 in this case to avoid wrong sky]]
[2022.02.02-19.48.27:964][  0]LogConfig: Setting CVar [[r.SkyAtmosphere.AerialPerspectiveLUT.SampleCountMaxPerSlice:4]]
[2022.02.02-19.48.27:964][  0]LogConfig: Setting CVar [[r.SkyAtmosphere.AerialPerspectiveLUT.DepthResolution:16.0]]
[2022.02.02-19.48.27:964][  0]LogConfig: Setting CVar [[r.SkyAtmosphere.FastSkyLUT:1]]
[2022.02.02-19.48.27:964][  0]LogConfig: Setting CVar [[r.SkyAtmosphere.FastSkyLUT.SampleCountMin:4.0]]
[2022.02.02-19.48.27:965][  0]LogConfig: Setting CVar [[r.SkyAtmosphere.FastSkyLUT.SampleCountMax:128.0]]
[2022.02.02-19.48.27:965][  0]LogConfig: Setting CVar [[r.SkyAtmosphere.SampleCountMin:4.0]]
[2022.02.02-19.48.27:965][  0]LogConfig: Setting CVar [[r.SkyAtmosphere.SampleCountMax:128.0]]
[2022.02.02-19.48.27:965][  0]LogConfig: Setting CVar [[r.SkyAtmosphere.TransmittanceLUT.UseSmallFormat:0]]
[2022.02.02-19.48.27:965][  0]LogConfig: Setting CVar [[r.SkyAtmosphere.TransmittanceLUT.SampleCount:10.0]]
[2022.02.02-19.48.27:965][  0]LogConfig: Setting CVar [[r.SkyAtmosphere.MultiScatteringLUT.SampleCount:15.0]]
[2022.02.02-19.48.27:965][  0]LogConfig: Setting CVar [[r.SkyLight.RealTimeReflectionCapture:1]]
[2022.02.02-19.48.27:965][  0]LogConfig: Applying CVar settings from Section [FoliageQuality@3] File [D:/git/MediaEngineering/Saved/Config/Windows/Scalability.ini]
[2022.02.02-19.48.27:966][  0]LogConfig: Setting CVar [[foliage.DensityScale:1.0]]
[2022.02.02-19.48.27:969][  0]LogConfig: Setting CVar [[grass.DensityScale:1.0]]
[2022.02.02-19.48.27:970][  0]LogConfig: Applying CVar settings from Section [ShadingQuality@3] File [D:/git/MediaEngineering/Saved/Config/Windows/Scalability.ini]
[2022.02.02-19.48.27:972][  0]LogConfig: Setting CVar [[r.HairStrands.SkyLighting.IntegrationType:2]]
[2022.02.02-19.48.27:972][  0]LogConfig: Setting CVar [[r.HairStrands.SkyAO.SampleCount:4]]
[2022.02.02-19.48.27:973][  0]LogConfig: Setting CVar [[r.HairStrands.Visibility.MSAA.SamplePerPixel:4]]
[2022.02.02-19.48.27:973][  0]LogConfig: Applying CVar settings from Section [Startup] File [../../../Engine/Config/ConsoleVariables.ini]
[2022.02.02-19.48.27:974][  0]LogConfig: Setting CVar [[net.UseAdaptiveNetUpdateFrequency:0]]
[2022.02.02-19.48.27:977][  0]LogConfig: Setting CVar [[p.chaos.AllowCreatePhysxBodies:1]]
[2022.02.02-19.48.27:977][  0]LogConfig: Setting CVar [[fx.SkipVectorVMBackendOptimizations:1]]
[2022.02.02-19.48.27:979][  0]LogConfig: Applying CVar settings from Section [ConsoleVariables] File [D:/git/MediaEngineering/Saved/Config/Windows/Engine.ini]
[2022.02.02-19.48.27:979][  0]LogConfig: Applying CVar settings from Section [ConsoleVariables] File [D:/git/MediaEngineering/Saved/Config/Windows/Editor.ini]
[2022.02.02-19.48.27:979][  0]LogInit: Computer: DESKTOP-FK3NR04
[2022.02.02-19.48.27:979][  0]LogInit: User: chris
[2022.02.02-19.48.27:980][  0]LogInit: CPU Page size=4096, Cores=4
[2022.02.02-19.48.27:980][  0]LogInit: High frequency timer resolution =10.000000 MHz
[2022.02.02-19.48.27:980][  0]LogMemory: Memory total: Physical=15.9GB (16GB approx)
[2022.02.02-19.48.27:980][  0]LogMemory: Platform Memory Stats for Windows
[2022.02.02-19.48.27:980][  0]LogMemory: Process Physical Memory: 140.93 MB used, 140.93 MB peak
[2022.02.02-19.48.27:981][  0]LogMemory: Process Virtual Memory: 122.44 MB used, 122.44 MB peak
[2022.02.02-19.48.27:981][  0]LogMemory: Physical Memory: 13208.92 MB used,  3058.68 MB free, 16267.60 MB total
[2022.02.02-19.48.27:981][  0]LogMemory: Virtual Memory: 134205936.00 MB used,  11795.00 MB free, 134217728.00 MB total
[2022.02.02-19.48.28:054][  0]LogWindows: WindowsPlatformFeatures enabled
[2022.02.02-19.48.28:541][  0]LogInit: Physics initialised using underlying interface: PhysX
[2022.02.02-19.48.28:543][  0]LogInit: Using OS detected language (de-DE).
[2022.02.02-19.48.28:544][  0]LogInit: Using OS detected locale (de-DE).
[2022.02.02-19.48.28:591][  0]LogTextLocalizationManager: No specific localization for 'de-DE' exists, so the 'de' localization will be used.
[2022.02.02-19.48.28:592][  0]LogTextLocalizationResource: LocRes '../../../Engine/Content/Localization/Editor/de/Editor.locres' could not be opened for reading!
[2022.02.02-19.48.28:592][  0]LogTextLocalizationResource: LocRes '../../../Engine/Content/Localization/EditorTutorials/de/EditorTutorials.locres' could not be opened for reading!
[2022.02.02-19.48.28:593][  0]LogTextLocalizationResource: LocRes '../../../Engine/Content/Localization/Keywords/de/Keywords.locres' could not be opened for reading!
[2022.02.02-19.48.28:593][  0]LogTextLocalizationResource: LocRes '../../../Engine/Content/Localization/Category/de/Category.locres' could not be opened for reading!
[2022.02.02-19.48.28:593][  0]LogTextLocalizationResource: LocRes '../../../Engine/Content/Localization/ToolTips/de/ToolTips.locres' could not be opened for reading!
[2022.02.02-19.48.28:594][  0]LogTextLocalizationResource: LocRes '../../../Engine/Content/Localization/PropertyNames/de/PropertyNames.locres' could not be opened for reading!
[2022.02.02-19.48.28:594][  0]LogTextLocalizationResource: LocRes '../../../Engine/Content/Localization/Engine/de/Engine.locres' could not be opened for reading!
[2022.02.02-19.48.28:606][  0]LogInit: Setting process to per monitor DPI aware
[2022.02.02-19.48.29:071][  0]LogWindowsTextInputMethodSystem: Display: IME system deactivated.
[2022.02.02-19.48.29:172][  0]LogSlate: New Slate User Created.  User Index 0, Is Virtual User: 0
[2022.02.02-19.48.29:172][  0]LogSlate: Slate User Registered.  User Index 0, Is Virtual User: 0
[2022.02.02-19.48.29:647][  0]LogD3D11RHI: Loaded GFSDK_Aftermath_Lib.x64.dll
[2022.02.02-19.48.29:771][  0]LogHMD: Failed to initialize OpenVR with code 110
[2022.02.02-19.48.29:771][  0]LogD3D11RHI: D3D11 min allowed feature level: 11_0
[2022.02.02-19.48.29:771][  0]LogD3D11RHI: D3D11 max allowed feature level: 11_0
[2022.02.02-19.48.29:771][  0]LogD3D11RHI: D3D11 adapters:
[2022.02.02-19.48.30:146][  0]LogD3D11RHI:    0. 'NVIDIA GeForce GTX 1050 Ti' (Feature Level 11_0)
[2022.02.02-19.48.30:146][  0]LogD3D11RHI:       4018/0/8133 MB DedicatedVideo/DedicatedSystem/SharedSystem, Outputs:2, VendorId:0x10de
[2022.02.02-19.48.30:274][  0]LogD3D11RHI:    1. 'Intel(R) HD Graphics 630' (Feature Level 11_0)
[2022.02.02-19.48.30:275][  0]LogD3D11RHI:       128/0/8133 MB DedicatedVideo/DedicatedSystem/SharedSystem, Outputs:0, VendorId:0x8086
[2022.02.02-19.48.30:307][  0]LogD3D11RHI:    2. 'Microsoft Basic Render Driver' (Feature Level 11_0)
[2022.02.02-19.48.30:307][  0]LogD3D11RHI:       0/0/8133 MB DedicatedVideo/DedicatedSystem/SharedSystem, Outputs:0, VendorId:0x1414
[2022.02.02-19.48.30:358][  0]LogD3D11RHI:    3. 'Intel(R) HD Graphics 630' (Feature Level 11_0)
[2022.02.02-19.48.30:358][  0]LogD3D11RHI:       128/0/8133 MB DedicatedVideo/DedicatedSystem/SharedSystem, Outputs:0, VendorId:0x8086
[2022.02.02-19.48.30:358][  0]LogD3D11RHI: Chosen D3D11 Adapter:
[2022.02.02-19.48.30:358][  0]LogD3D11RHI:     Description : NVIDIA GeForce GTX 1050 Ti
[2022.02.02-19.48.30:358][  0]LogD3D11RHI:     VendorId    : 10de
[2022.02.02-19.48.30:359][  0]LogD3D11RHI:     DeviceId    : 1c8c
[2022.02.02-19.48.30:359][  0]LogD3D11RHI:     SubSysId    : 11971025
[2022.02.02-19.48.30:359][  0]LogD3D11RHI:     Revision    : 00a1
[2022.02.02-19.48.30:360][  0]LogD3D11RHI:     DedicatedVideoMemory : 4213178368 bytes
[2022.02.02-19.48.30:360][  0]LogD3D11RHI:     DedicatedSystemMemory : 0 bytes
[2022.02.02-19.48.30:360][  0]LogD3D11RHI:     SharedSystemMemory : 8528906240 bytes
[2022.02.02-19.48.30:361][  0]LogD3D11RHI:     AdapterLuid : 0 56914
[2022.02.02-19.48.30:371][  0]LogD3D11RHI: Creating new Direct3DDevice
[2022.02.02-19.48.30:371][  0]LogD3D11RHI:     GPU DeviceId: 0x1c8c (for the marketing name, search the web for "GPU Device Id")
[2022.02.02-19.48.30:371][  0]LogWindows: EnumDisplayDevices:
[2022.02.02-19.48.30:371][  0]LogWindows:    0. 'Intel(R) HD Graphics 630' (P:0 D:1)
[2022.02.02-19.48.30:372][  0]LogWindows:    1. 'Intel(R) HD Graphics 630' (P:0 D:0)
[2022.02.02-19.48.30:373][  0]LogWindows:    2. 'Intel(R) HD Graphics 630' (P:0 D:0)
[2022.02.02-19.48.30:374][  0]LogWindows:    3. 'NVIDIA GeForce GTX 1050 Ti' (P:0 D:0)
[2022.02.02-19.48.30:375][  0]LogWindows:    4. 'DisplayLink USB Device' (P:1 D:1)
[2022.02.02-19.48.30:376][  0]LogWindows:    5. 'DisplayLink USB Device' (P:0 D:0)
[2022.02.02-19.48.30:377][  0]LogWindows: DebugString: PrimaryIsNotTheChoosenAdapter PrimaryIsNotTheChoosenAdapter PrimaryIsNotTheChoosenAdapter GetVideoDriverDetailsInvalid PrimaryIsNotTheChoosenAdapter GetVideoDriverDetailsInvalid PrimaryIsNotTheChoosenAdapter 
[2022.02.02-19.48.30:377][  0]LogD3D11RHI:     Adapter Name: NVIDIA GeForce GTX 1050 Ti
[2022.02.02-19.48.30:377][  0]LogD3D11RHI:   Driver Version: 466.27 (internal:27.21.14.6627, unified:466.27)
[2022.02.02-19.48.30:377][  0]LogD3D11RHI:      Driver Date: 4-23-2021
[2022.02.02-19.48.30:377][  0]LogRHI: Texture pool is 2812 MB (70% of 4018 MB)
[2022.02.02-19.48.30:377][  0]LogD3D11RHI: Creating D3DDevice using adapter:
[2022.02.02-19.48.30:377][  0]LogD3D11RHI:     Description : NVIDIA GeForce GTX 1050 Ti
[2022.02.02-19.48.30:377][  0]LogD3D11RHI:     VendorId    : 10de
[2022.02.02-19.48.30:377][  0]LogD3D11RHI:     DeviceId    : 1c8c
[2022.02.02-19.48.30:377][  0]LogD3D11RHI:     SubSysId    : 11971025
[2022.02.02-19.48.30:377][  0]LogD3D11RHI:     Revision    : 00a1
[2022.02.02-19.48.30:378][  0]LogD3D11RHI:     DedicatedVideoMemory : 4213178368 bytes
[2022.02.02-19.48.30:378][  0]LogD3D11RHI:     DedicatedSystemMemory : 0 bytes
[2022.02.02-19.48.30:378][  0]LogD3D11RHI:     SharedSystemMemory : 8528906240 bytes
[2022.02.02-19.48.30:378][  0]LogD3D11RHI:     AdapterLuid : 0 56914
[2022.02.02-19.48.30:532][  0]LogD3D11RHI: RHI has support for 64 bit atomics
[2022.02.02-19.48.30:532][  0]LogD3D11RHI: Async texture creation enabled
[2022.02.02-19.48.30:532][  0]LogD3D11RHI: Array index from any shader is supported
[2022.02.02-19.48.30:561][  0]LogD3D11RHI: GPU Timing Frequency: 1000.000000 (Debug: 2 1)
[2022.02.02-19.48.30:851][  0]LogRHI: GeForceNow SDK initialized: 1
[2022.02.02-19.48.32:609][  0]LogTargetPlatformManager: Display: Loaded TargetPlatform 'AllDesktop'
[2022.02.02-19.48.32:669][  0]LogTargetPlatformManager: Display: Loaded TargetPlatform 'Android'
[2022.02.02-19.48.32:674][  0]LogTargetPlatformManager: Display: Loaded TargetPlatform 'Android_ASTC'
[2022.02.02-19.48.32:674][  0]LogTargetPlatformManager: Display: Loaded TargetPlatform 'Android_DXT'
[2022.02.02-19.48.32:674][  0]LogTargetPlatformManager: Display: Loaded TargetPlatform 'Android_ETC2'
[2022.02.02-19.48.32:674][  0]LogTargetPlatformManager: Display: Loaded TargetPlatform 'AndroidClient'
[2022.02.02-19.48.32:675][  0]LogTargetPlatformManager: Display: Loaded TargetPlatform 'Android_ASTCClient'
[2022.02.02-19.48.32:675][  0]LogTargetPlatformManager: Display: Loaded TargetPlatform 'Android_DXTClient'
[2022.02.02-19.48.32:675][  0]LogTargetPlatformManager: Display: Loaded TargetPlatform 'Android_ETC2Client'
[2022.02.02-19.48.32:675][  0]LogTargetPlatformManager: Display: Loaded TargetPlatform 'Android_Multi'
[2022.02.02-19.48.32:675][  0]LogTargetPlatformManager: Display: Loaded TargetPlatform 'Android_MultiClient'
[2022.02.02-19.48.32:782][  0]LogTargetPlatformManager: Display: Loaded TargetPlatform 'IOSClient'
[2022.02.02-19.48.32:782][  0]LogTargetPlatformManager: Display: Loaded TargetPlatform 'IOS'
[2022.02.02-19.48.32:834][  0]LogTargetPlatformManager: Display: Loaded TargetPlatform 'Linux'
[2022.02.02-19.48.32:872][  0]LogTargetPlatformManager: Display: Loaded TargetPlatform 'LinuxNoEditor'
[2022.02.02-19.48.32:894][  0]LogTargetPlatformManager: Display: Loaded TargetPlatform 'LinuxClient'
[2022.02.02-19.48.32:929][  0]LogTargetPlatformManager: Display: Loaded TargetPlatform 'LinuxServer'
[2022.02.02-19.48.32:967][  0]LogTargetPlatformManager: Display: Loaded TargetPlatform 'LinuxAArch64NoEditor'
[2022.02.02-19.48.32:982][  0]LogTargetPlatformManager: Display: Loaded TargetPlatform 'LinuxAArch64Client'
[2022.02.02-19.48.33:002][  0]LogTargetPlatformManager: Display: Loaded TargetPlatform 'LinuxAArch64Server'
[2022.02.02-19.48.33:109][  0]LogTargetPlatformManager: Display: Loaded TargetPlatform 'Lumin'
[2022.02.02-19.48.33:110][  0]LogTargetPlatformManager: Display: Loaded TargetPlatform 'LuminClient'
[2022.02.02-19.48.33:153][  0]LogTargetPlatformManager: Display: Loaded TargetPlatform 'MacNoEditor'
[2022.02.02-19.48.33:207][  0]LogTargetPlatformManager: Display: Loaded TargetPlatform 'Mac'
[2022.02.02-19.48.33:248][  0]LogTargetPlatformManager: Display: Loaded TargetPlatform 'MacClient'
[2022.02.02-19.48.33:273][  0]LogTargetPlatformManager: Display: Loaded TargetPlatform 'MacServer'
[2022.02.02-19.48.33:379][  0]LogTargetPlatformManager: Display: Loaded TargetPlatform 'TVOSClient'
[2022.02.02-19.48.33:383][  0]LogTargetPlatformManager: Display: Loaded TargetPlatform 'TVOS'
[2022.02.02-19.48.33:434][  0]LogTargetPlatformManager: Display: Loaded TargetPlatform 'WindowsNoEditor'
[2022.02.02-19.48.33:501][  0]LogTargetPlatformManager: Display: Loaded TargetPlatform 'Windows'
[2022.02.02-19.48.33:552][  0]LogTargetPlatformManager: Display: Loaded TargetPlatform 'WindowsClient'
[2022.02.02-19.48.33:575][  0]LogTargetPlatformManager: Display: Loaded TargetPlatform 'WindowsServer'
[2022.02.02-19.48.33:576][  0]LogTargetPlatformManager: Display: Building Assets For Windows
[2022.02.02-19.48.33:631][  0]LogAudioDebug: Display: Lib vorbis DLL was dynamically loaded.
[2022.02.02-19.48.34:928][  0]LogTextureFormatOodle: Display: Oodle Texture 2.9.0 init RDO Off
[2022.02.02-19.48.35:337][  0]LogRendererCore: Ray tracing is disabled. Reason: r.RayTracing=0.
[2022.02.02-19.48.35:372][  0]LogShaderCompilers: Guid format shader working directory is 22 characters bigger than the processId version (D:/git/MediaEngineering/Intermediate/Shaders/WorkingDirectory/15556/).
[2022.02.02-19.48.35:372][  0]LogShaderCompilers: Cleaned the shader compiler working directory 'C:/Users/chris/AppData/Local/Temp/UnrealShaderWorkingDir/1765594D4680EB30C25F6AB114E375C5/'.
[2022.02.02-19.48.35:374][  0]LogXGEController: Cannot use XGE Controller as Incredibuild is not installed on this machine.
[2022.02.02-19.48.35:394][  0]LogShaderCompilers: Cannot use XGE Shader Compiler as Incredibuild is not installed on this machine.
[2022.02.02-19.48.35:400][  0]LogShaderCompilers: Display: Using Local Shader Compiler.
[2022.02.02-19.48.37:277][  0]LogDerivedDataCache: Display: Max Cache Size: 512 MB
[2022.02.02-19.48.37:402][  0]LogDerivedDataCache: Loaded boot cache 0.12s 94MB C:/Users/chris/AppData/Local/UnrealEngine/4.27/DerivedDataCache/Boot.ddc.
[2022.02.02-19.48.37:402][  0]LogDerivedDataCache: Display: Loaded Boot cache: C:/Users/chris/AppData/Local/UnrealEngine/4.27/DerivedDataCache/Boot.ddc
[2022.02.02-19.48.37:402][  0]LogDerivedDataCache: FDerivedDataBackendGraph:  Pak pak cache file D:/git/MediaEngineering/DerivedDataCache/DDC.ddp not found, will not use a pak cache.
[2022.02.02-19.48.37:403][  0]LogDerivedDataCache: Unable to find inner node Pak for hierarchical cache Hierarchy.
[2022.02.02-19.48.37:403][  0]LogDerivedDataCache: FDerivedDataBackendGraph:  CompressedPak pak cache file D:/git/MediaEngineering/DerivedDataCache/Compressed.ddp not found, will not use a pak cache.
[2022.02.02-19.48.37:403][  0]LogDerivedDataCache: Unable to find inner node CompressedPak for hierarchical cache Hierarchy.
[2022.02.02-19.48.37:434][  0]LogDerivedDataCache: Display: Pak cache opened for reading ../../../Engine/DerivedDataCache/Compressed.ddp.
[2022.02.02-19.48.37:434][  0]LogDerivedDataCache: FDerivedDataBackendGraph:  EnterprisePak pak cache file ../../../Enterprise/DerivedDataCache/Compressed.ddp not found, will not use a pak cache.
[2022.02.02-19.48.37:434][  0]LogDerivedDataCache: Unable to find inner node EnterprisePak for hierarchical cache Hierarchy.
[2022.02.02-19.48.37:470][  0]LogDerivedDataCache: Speed tests for C:/Users/chris/AppData/Local/UnrealEngine/Common/DerivedDataCache took 0.04 seconds
[2022.02.02-19.48.37:470][  0]LogDerivedDataCache: Display: Performance to C:/Users/chris/AppData/Local/UnrealEngine/Common/DerivedDataCache: Latency=0.11ms. RandomReadSpeed=164.59MBs, RandomWriteSpeed=31.31MBs. Assigned SpeedClass 'Local'
[2022.02.02-19.48.37:473][  0]LogDerivedDataCache: Using Local data cache path C:/Users/chris/AppData/Local/UnrealEngine/Common/DerivedDataCache: Writable
[2022.02.02-19.48.37:474][  0]LogDerivedDataCache: Shared data cache path not found in *engine.ini, will not use an Shared cache.
[2022.02.02-19.48.37:474][  0]LogDerivedDataCache: Unable to find inner node Shared for hierarchical cache Hierarchy.
[2022.02.02-19.48.37:557][  0]LogSlate: Using FreeType 2.10.0
[2022.02.02-19.48.37:558][  0]LogSlate: SlateFontServices - WITH_FREETYPE: 1, WITH_HARFBUZZ: 1
[2022.02.02-19.48.37:605][  0]LogAssetRegistry: FAssetRegistry took 0.0057 seconds to start up
[2022.02.02-19.48.38:074][  0]LogInit: Selected Device Profile: [Windows]
[2022.02.02-19.48.38:075][  0]LogInit: Active device profile: [00000242A7ADB600][000002429B3CE600 49] Windows
[2022.02.02-19.48.38:075][  0]LogInit: Profiles: [00000242A7ADB600][000002429B3CE600 49] Windows, [00000242A7A90E00][000002429B3D2740 49] WindowsNoEditor, [00000242A7AD8E00][000002429B3DA8C0 49] WindowsServer, [00000242A7A93400][000002429B3DEA40 49] WindowsClient, [00000242A7ADB400][000002429B3E2BC0 49] IOS, [00000242A7A90100][000002429B3E6D40 49] iPadAir, [00000242A7AD8500][00000242A4604EC0 49] iPadAir2, [00000242A7A54900][00000242A460D180 49] IPadPro, [00000242A7A54A00][00000242A46091C0 49] iPadAir3, [00000242A7ADB000][00000242A4611340 49] iPadAir4, [00000242A7A57700][00000242A46154C0 49] iPadMini2, [00000242A7AD9100][00000242A4619640 49] iPadMini3, [00000242A7A55800][00000242A461D7C0 49] iPadMini4, [00000242A7ADAE00][00000242A4621940 49] iPadMini5, [00000242A7A93000][00000242A4629C00 49] iPhone6, [00000242A7A92F00][00000242A46240C0 49] iPodTouch6, [00000242A7A53F00][00000242A4630380 49] iPhone7, [00000242A7A53E00][00000242A462C3C0 49] iPodTouch7, [00000242A7A90300][00000242A4634540 49] iPhone5S, [00000242A7A51100][000002429B3D6680 49] iPhone6Plus, [00000242A7A92500][00000242A46387C0 49] iPhone6S, [00000242A7A53000][00000242A463C900 49] iPhone6SPlus, [00000242A7A90600][00000242A4644A80 49] iPhone7Plus, [00000242A7A51400][00000242A4648C00 49] iPhoneSE, [00000242A7A92300][00000242A464CD80 49] iPhone8, [00000242A7A52D00][00000242A4650F00 49] iPhone8Plus, [00000242A7A90C00][00000242A4655080 49] iPhoneX, [00000242A7A51800][000002429E98F200 49] iPhoneXS, [00000242A7A91F00][000002429E993380 49] iPhoneXSMax, [00000242A7A52900][000002429E997500 49] iPhoneXR, [00000242A7A90D00][000002429E99B680 49] iPhone11, [00000242A7A53C00][000002429E99F800 49] iPhone11Pro, [00000242A7A93500][000002429E9A3980 49] iPhone11ProMax, [00000242A7A52800][000002429E9A7B00 49] iPhoneSE2, [00000242A7A91200][000002429E9AA100 49] iPhone12Mini, [00000242A7A53500][000002429E9AE280 49] iPhone12, [00000242A7A93900][000002429E9B2400 49] iPhone12Pro, [00000242A7A52600][000002429E9B6580 49] iPhone12ProMax, [00000242A7A91400][000002429E9BA700 49] iPadPro105, [00000242A7A51F00][00000242A4640840 49] iPadPro129, [00000242A7A93300][000002429E9BE980 49] iPadPro97, [00000242A7A52300][000002429E9C2AC0 49] iPadPro2_129, [00000242A7A91E00][000002429E9CAC40 49] iPad5, [00000242A7A52200][000002429E9CEDC0 49] iPad6, [00000242A7A92700][000002429E9D2F40 49] iPad7, [00000242A7A53300][000002429E9D70C0 49] iPad8, [00000242A7A91900][000002429E9DB240 49] iPadPro11, [00000242A7A52E00][000002429E9DF3C0 49] iPadPro2_11, [00000242A7A90400][000002429E9E3540 49] iPadPro3_129, [00000242A7A51000][000002429E9E76C0 49] iPadPro4_129, [00000242A7A92200][000002429E9EB840 49] AppleTV, [00000242A7A53800][000002429E9EF9C0 49] AppleTV4K, [00000242A7A93B00][000002429E9F3B40 49] TVOS, [00000242A7A50300][000002429E9F6140 49] Mac, [00000242A7A90F00][000002429E9FA2C0 49] MacClient, [00000242A7A51A00][000002429E9FE440 49] MacNoEditor, [00000242A7A93800][000002429EA025C0 49] MacServer, [00000242A7A53D00][000002429EA06740 49] Linux, [00000242A7A93600][000002429EA0A8C0 49] LinuxAArch64, [00000242A7A51B00][000002429E9C6A00 49] LinuxNoEditor, [00000242A7A91C00][000002429EA0EB40 49] LinuxAArch64NoEditor, [00000242A7A50600][00000242A7E06C80 49] LinuxClient, [00000242A7A91800][00000242A7E0ADC0 49] LinuxAArch64Client, [00000242A7A50A00][00000242A7E12F40 49] LinuxServer, [00000242A7A91600][00000242A7E170C0 49] LinuxAArch64Server, [00000242A7A52B00][00000242A7E1B240 49] Android, [00000242A7A57100][00000242A7E1F3C0 49] Android_Low, [00000242A7B20800][00000242A7E23540 49] Android_Mid, [00000242A7A56000][00000242A7E276C0 49] Android_High, [00000242A7B21500][00000242A7E2B840 49] Android_Default, [00000242A7A55600][00000242A7E2F9C0 49] Android_Adreno4xx, [00000242A7B21000][00000242A7E33B40 49] Android_Adreno5xx_Low, [00000242A7A54800][00000242A7E36140 49] Android_Adreno5xx, [00000242A7B21200][00000242A7E3A2C0 49] Android_Adreno6xx, [00000242A7A56600][00000242A7E3E440 49] Android_Adreno6xx_Vulkan, [00000242A7B21700][00000242A7EF85C0 49] Android_Mali_T6xx, [00000242A7A57B00][00000242A7EFC740 49] Android_Mali_T7xx, [00000242A7B20500][00000242A7F008C0 49] Android_Mali_T8xx, [00000242A7A54D00][00000242A7F08A40 49] Android_Mali_G71, [00000242A7B21A00][00000242A7E0EB80 49] Android_Mali_G72, [00000242A7A55D00][00000242A7F10CC0 49] Android_Mali_G72_Vulkan, [00000242A7B20F00][00000242A7F14E00 49] Android_Mali_G76, [00000242A7A57F00][00000242A7F18F40 49] Android_Mali_G76_Vulkan, [00000242A7B20C00][00000242A7F210C0 49] Android_Mali_G77, [00000242A7A54200][00000242A7F25240 49] Android_Mali_G77_Vulkan, [00000242A7B21600][00000242A7F293C0 49] Android_Mali_G78, [00000242A7A55300][00000242A7F2D540 49] Android_Mali_G78_Vulkan, [00000242A7B21C00][00000242A7F356C0 49] Android_Mali_G710, [00000242A7A55200][00000242A7F3D840 49] Android_Mali_G710_Vulkan, [00000242A7A52700][00000242A7F319C0 49] Android_Vulkan_SM5, [00000242A7A54B00][00000242A5AF7B40 49] Android_PowerVR_G6xxx, [00000242A7A50100][00000242A5AFA140 49] Android_PowerVR_GT7xxx, [00000242A7A54400][00000242A5AFE2C0 49] Android_PowerVR_GE8xxx, [00000242A7A51500][00000242A5B22440 49] Android_PowerVR_GM9xxx, [00000242A7A57000][000002429EE4C5C0 49] Android_PowerVR_GM9xxx_Vulkan, [00000242A7A53400][000002429EEBE740 49] Android_TegraK1, [00000242A7A56E00][000002429EEC28C0 49] Android_Unknown_Vulkan, [00000242A7A52F00][000002429EEC6A40 49] Lumin, [00000242A7A54F00][000002429EECABC0 49] Lumin_Desktop, [00000242A7A51300][000002429EECED40 49] HoloLens, 
[2022.02.02-19.48.38:303][  0]LogMeshReduction: Using QuadricMeshReduction for automatic static mesh reduction
[2022.02.02-19.48.38:303][  0]LogMeshReduction: Using SimplygonMeshReduction for automatic skeletal mesh reduction
[2022.02.02-19.48.38:303][  0]LogMeshReduction: Using ProxyLODMeshReduction for automatic mesh merging
[2022.02.02-19.48.38:303][  0]LogMeshReduction: No distributed automatic mesh merging module available
[2022.02.02-19.48.38:303][  0]LogMeshMerging: No distributed automatic mesh merging module available
[2022.02.02-19.48.38:335][  0]LogNetVersion: MediaEngineering 1.0.0, NetCL: 17155196, EngineNetVer: 17, GameNetVer: 0 (Checksum: 3585772271)
[2022.02.02-19.48.38:891][  0]LogTexture: Default maximum texture size for cubemaps generated from long-lat sources has been changed from 512 to unlimited. In order to preserve old behaiour for '/Engine/MapTemplates/Sky/DaylightAmbientCubemap.DaylightAmbientCubemap', its maximum texture size has been explicitly set to 512.
[2022.02.02-19.48.38:970][  0]LogHMD: PokeAHoleMaterial loaded successfully
[2022.02.02-19.48.38:977][  0]LogUObjectArray: 17178 objects as part of root set at end of initial load.
[2022.02.02-19.48.38:977][  0]LogUObjectAllocator: 4302048 out of 0 bytes used by permanent object pool.
[2022.02.02-19.48.38:977][  0]LogUObjectArray: CloseDisregardForGC: 0/0 objects in disregard for GC pool
[2022.02.02-19.48.39:638][  0]LogNiagaraDebuggerClient: Niagara Debugger Client Initialized | Session: 9670FB86486DED44ECCC469E03DAB8A1 | Instance: 827181F24712D5660FD0B8AF81BD0BB8 (DESKTOP-FK3NR04-15556).
[2022.02.02-19.48.39:961][  0]LogPython: Using Python 3.7.7
[2022.02.02-19.48.40:768][  0]LogTcpMessaging: Initializing TcpMessaging bridge
[2022.02.02-19.48.40:790][  0]LogUdpMessaging: Initializing bridge on interface 0.0.0.0:0 to multicast group 230.0.0.1:6666.
[2022.02.02-19.48.40:978][  0]LogOutputDevice: Warning: 

Script Stack (0 frames):

[2022.02.02-19.48.52:086][  0]LogPython: Warning: 'GameState' and 'GameState' have the same name (GameState) when exposed to Python. Rename one of them using 'ScriptName' meta-data.
[2022.02.02-19.49.02:186][  0]SourceControl: Source control is disabled
[2022.02.02-19.49.11:620][  0]LogUProjectInfo: Found projects:
